{"/Users/eliseolopez/Desktop/backend-software/backend-software/src/app.js": {"path":"/Users/eliseolopez/Desktop/backend-software/backend-software/src/app.js","statementMap":{"0":{"start":{"line":1,"column":12},"end":{"line":1,"column":26}},"1":{"start":{"line":2,"column":20},"end":{"line":2,"column":39}},"2":{"start":{"line":3,"column":18},"end":{"line":3,"column":39}},"3":{"start":{"line":4,"column":13},"end":{"line":4,"column":33}},"4":{"start":{"line":5,"column":15},"end":{"line":5,"column":34}},"5":{"start":{"line":6,"column":12},"end":{"line":6,"column":31}},"6":{"start":{"line":8,"column":12},"end":{"line":8,"column":21}},"7":{"start":{"line":10,"column":0},"end":{"line":10,"column":16}},"8":{"start":{"line":11,"column":0},"end":{"line":11,"column":22}},"9":{"start":{"line":13,"column":0},"end":{"line":13,"column":21}},"10":{"start":{"line":14,"column":0},"end":{"line":14,"column":19}},"11":{"start":{"line":15,"column":0},"end":{"line":15,"column":25}},"12":{"start":{"line":17,"column":0},"end":{"line":19,"column":3}},"13":{"start":{"line":18,"column":2},"end":{"line":18,"column":28}},"14":{"start":{"line":21,"column":0},"end":{"line":23,"column":3}},"15":{"start":{"line":22,"column":2},"end":{"line":22,"column":60}},"16":{"start":{"line":25,"column":15},"end":{"line":25,"column":32}},"17":{"start":{"line":26,"column":0},"end":{"line":26,"column":24}}},"fnMap":{"0":{"name":"(anonymous_0)","decl":{"start":{"line":17,"column":8},"end":{"line":17,"column":9}},"loc":{"start":{"line":17,"column":29},"end":{"line":19,"column":1}},"line":17},"1":{"name":"(anonymous_1)","decl":{"start":{"line":21,"column":17},"end":{"line":21,"column":18}},"loc":{"start":{"line":21,"column":23},"end":{"line":23,"column":1}},"line":21}},"branchMap":{},"s":{"0":1,"1":1,"2":1,"3":1,"4":1,"5":1,"6":1,"7":1,"8":1,"9":1,"10":1,"11":1,"12":1,"13":0,"14":1,"15":0,"16":1,"17":1},"f":{"0":0,"1":0},"b":{},"_coverageSchema":"1a1c01bbd47fc00a2c39e90264f33305004495a9","hash":"0937ccce3de7542c040a9bf858b5e418b640c9ec"}
,"/Users/eliseolopez/Desktop/backend-software/backend-software/src/routes.js": {"path":"/Users/eliseolopez/Desktop/backend-software/backend-software/src/routes.js","statementMap":{"0":{"start":{"line":1,"column":15},"end":{"line":1,"column":36}},"1":{"start":{"line":3,"column":14},"end":{"line":3,"column":42}},"2":{"start":{"line":4,"column":20},"end":{"line":4,"column":54}},"3":{"start":{"line":5,"column":15},"end":{"line":5,"column":44}},"4":{"start":{"line":6,"column":23},"end":{"line":6,"column":60}},"5":{"start":{"line":7,"column":17},"end":{"line":7,"column":48}},"6":{"start":{"line":9,"column":15},"end":{"line":9,"column":27}},"7":{"start":{"line":12,"column":0},"end":{"line":12,"column":35}},"8":{"start":{"line":13,"column":0},"end":{"line":13,"column":47}},"9":{"start":{"line":14,"column":0},"end":{"line":14,"column":38}},"10":{"start":{"line":15,"column":0},"end":{"line":15,"column":54}},"11":{"start":{"line":16,"column":0},"end":{"line":16,"column":42}},"12":{"start":{"line":21,"column":0},"end":{"line":21,"column":24}}},"fnMap":{},"branchMap":{},"s":{"0":1,"1":1,"2":1,"3":1,"4":1,"5":1,"6":1,"7":1,"8":1,"9":1,"10":1,"11":1,"12":1},"f":{},"b":{},"_coverageSchema":"1a1c01bbd47fc00a2c39e90264f33305004495a9","hash":"008540a040a08b90cfca7ef0dbe8e4481a5fb14a"}
,"/Users/eliseolopez/Desktop/backend-software/backend-software/src/config/config.js": {"path":"/Users/eliseolopez/Desktop/backend-software/backend-software/src/config/config.js","statementMap":{"0":{"start":{"line":1,"column":15},"end":{"line":1,"column":32}},"1":{"start":{"line":2,"column":0},"end":{"line":2,"column":16}},"2":{"start":{"line":4,"column":0},"end":{"line":26,"column":1}}},"fnMap":{},"branchMap":{},"s":{"0":1,"1":1,"2":1},"f":{},"b":{},"_coverageSchema":"1a1c01bbd47fc00a2c39e90264f33305004495a9","hash":"2fac143deaa7abb2816e02d49b209d7cdbc0cd7a"}
,"/Users/eliseolopez/Desktop/backend-software/backend-software/src/models/availabilities.js": {"path":"/Users/eliseolopez/Desktop/backend-software/backend-software/src/models/availabilities.js","statementMap":{"0":{"start":{"line":4,"column":4},"end":{"line":4,"column":24}},"1":{"start":{"line":5,"column":0},"end":{"line":32,"column":2}},"2":{"start":{"line":14,"column":6},"end":{"line":17,"column":9}},"3":{"start":{"line":18,"column":6},"end":{"line":20,"column":9}},"4":{"start":{"line":23,"column":2},"end":{"line":30,"column":5}},"5":{"start":{"line":31,"column":2},"end":{"line":31,"column":24}}},"fnMap":{"0":{"name":"(anonymous_0)","decl":{"start":{"line":5,"column":17},"end":{"line":5,"column":18}},"loc":{"start":{"line":5,"column":43},"end":{"line":32,"column":1}},"line":5},"1":{"name":"(anonymous_1)","decl":{"start":{"line":12,"column":4},"end":{"line":12,"column":5}},"loc":{"start":{"line":12,"column":29},"end":{"line":21,"column":5}},"line":12}},"branchMap":{},"s":{"0":1,"1":1,"2":1,"3":1,"4":1,"5":1},"f":{"0":1,"1":1},"b":{},"_coverageSchema":"1a1c01bbd47fc00a2c39e90264f33305004495a9","hash":"04ceb0b24effeee4a8fadccf059dcfd57571125e"}
,"/Users/eliseolopez/Desktop/backend-software/backend-software/src/models/bookings.js": {"path":"/Users/eliseolopez/Desktop/backend-software/backend-software/src/models/bookings.js","statementMap":{"0":{"start":{"line":4,"column":4},"end":{"line":4,"column":24}},"1":{"start":{"line":5,"column":0},"end":{"line":35,"column":2}},"2":{"start":{"line":14,"column":6},"end":{"line":17,"column":9}},"3":{"start":{"line":18,"column":6},"end":{"line":21,"column":9}},"4":{"start":{"line":22,"column":6},"end":{"line":25,"column":9}},"5":{"start":{"line":28,"column":2},"end":{"line":33,"column":5}},"6":{"start":{"line":34,"column":2},"end":{"line":34,"column":18}}},"fnMap":{"0":{"name":"(anonymous_0)","decl":{"start":{"line":5,"column":17},"end":{"line":5,"column":18}},"loc":{"start":{"line":5,"column":43},"end":{"line":35,"column":1}},"line":5},"1":{"name":"(anonymous_1)","decl":{"start":{"line":12,"column":4},"end":{"line":12,"column":5}},"loc":{"start":{"line":12,"column":29},"end":{"line":26,"column":5}},"line":12}},"branchMap":{},"s":{"0":1,"1":1,"2":1,"3":1,"4":1,"5":1,"6":1},"f":{"0":1,"1":1},"b":{},"_coverageSchema":"1a1c01bbd47fc00a2c39e90264f33305004495a9","hash":"e53845cf264a426759e793069081c0cd0147fb56"}
,"/Users/eliseolopez/Desktop/backend-software/backend-software/src/models/enclousures.js": {"path":"/Users/eliseolopez/Desktop/backend-software/backend-software/src/models/enclousures.js","statementMap":{"0":{"start":{"line":4,"column":4},"end":{"line":4,"column":24}},"1":{"start":{"line":5,"column":0},"end":{"line":35,"column":2}},"2":{"start":{"line":14,"column":6},"end":{"line":17,"column":9}},"3":{"start":{"line":18,"column":6},"end":{"line":20,"column":9}},"4":{"start":{"line":23,"column":2},"end":{"line":33,"column":5}},"5":{"start":{"line":34,"column":2},"end":{"line":34,"column":21}}},"fnMap":{"0":{"name":"(anonymous_0)","decl":{"start":{"line":5,"column":17},"end":{"line":5,"column":18}},"loc":{"start":{"line":5,"column":43},"end":{"line":35,"column":1}},"line":5},"1":{"name":"(anonymous_1)","decl":{"start":{"line":12,"column":4},"end":{"line":12,"column":5}},"loc":{"start":{"line":12,"column":29},"end":{"line":21,"column":5}},"line":12}},"branchMap":{},"s":{"0":1,"1":1,"2":1,"3":1,"4":1,"5":1},"f":{"0":1,"1":1},"b":{},"_coverageSchema":"1a1c01bbd47fc00a2c39e90264f33305004495a9","hash":"7b18183e5f29281e74af17c30be9dded09ec722d"}
,"/Users/eliseolopez/Desktop/backend-software/backend-software/src/models/field.js": {"path":"/Users/eliseolopez/Desktop/backend-software/backend-software/src/models/field.js","statementMap":{"0":{"start":{"line":4,"column":4},"end":{"line":4,"column":24}},"1":{"start":{"line":5,"column":0},"end":{"line":36,"column":2}},"2":{"start":{"line":14,"column":6},"end":{"line":17,"column":9}},"3":{"start":{"line":18,"column":6},"end":{"line":20,"column":9}},"4":{"start":{"line":21,"column":6},"end":{"line":23,"column":9}},"5":{"start":{"line":26,"column":2},"end":{"line":34,"column":5}},"6":{"start":{"line":35,"column":2},"end":{"line":35,"column":16}}},"fnMap":{"0":{"name":"(anonymous_0)","decl":{"start":{"line":5,"column":17},"end":{"line":5,"column":18}},"loc":{"start":{"line":5,"column":43},"end":{"line":36,"column":1}},"line":5},"1":{"name":"(anonymous_1)","decl":{"start":{"line":12,"column":4},"end":{"line":12,"column":5}},"loc":{"start":{"line":12,"column":29},"end":{"line":24,"column":5}},"line":12}},"branchMap":{},"s":{"0":1,"1":1,"2":1,"3":1,"4":1,"5":1,"6":1},"f":{"0":1,"1":1},"b":{},"_coverageSchema":"1a1c01bbd47fc00a2c39e90264f33305004495a9","hash":"36bdff454e381be96a15c730e97ecdded9cb8e6f"}
,"/Users/eliseolopez/Desktop/backend-software/backend-software/src/models/index.js": {"path":"/Users/eliseolopez/Desktop/backend-software/backend-software/src/models/index.js","statementMap":{"0":{"start":{"line":3,"column":11},"end":{"line":3,"column":24}},"1":{"start":{"line":4,"column":13},"end":{"line":4,"column":28}},"2":{"start":{"line":5,"column":18},"end":{"line":5,"column":38}},"3":{"start":{"line":6,"column":16},"end":{"line":6,"column":34}},"4":{"start":{"line":7,"column":17},"end":{"line":7,"column":42}},"5":{"start":{"line":8,"column":12},"end":{"line":8,"column":49}},"6":{"start":{"line":9,"column":15},"end":{"line":9,"column":63}},"7":{"start":{"line":10,"column":11},"end":{"line":10,"column":13}},"8":{"start":{"line":13,"column":0},"end":{"line":17,"column":1}},"9":{"start":{"line":14,"column":2},"end":{"line":14,"column":74}},"10":{"start":{"line":16,"column":2},"end":{"line":16,"column":87}},"11":{"start":{"line":19,"column":0},"end":{"line":32,"column":5}},"12":{"start":{"line":22,"column":4},"end":{"line":27,"column":6}},"13":{"start":{"line":30,"column":18},"end":{"line":30,"column":85}},"14":{"start":{"line":31,"column":4},"end":{"line":31,"column":27}},"15":{"start":{"line":34,"column":0},"end":{"line":38,"column":3}},"16":{"start":{"line":35,"column":2},"end":{"line":37,"column":3}},"17":{"start":{"line":36,"column":4},"end":{"line":36,"column":32}},"18":{"start":{"line":40,"column":0},"end":{"line":40,"column":25}},"19":{"start":{"line":41,"column":0},"end":{"line":41,"column":25}},"20":{"start":{"line":43,"column":0},"end":{"line":43,"column":20}}},"fnMap":{"0":{"name":"(anonymous_0)","decl":{"start":{"line":21,"column":10},"end":{"line":21,"column":11}},"loc":{"start":{"line":21,"column":18},"end":{"line":28,"column":3}},"line":21},"1":{"name":"(anonymous_1)","decl":{"start":{"line":29,"column":11},"end":{"line":29,"column":12}},"loc":{"start":{"line":29,"column":19},"end":{"line":32,"column":3}},"line":29},"2":{"name":"(anonymous_2)","decl":{"start":{"line":34,"column":24},"end":{"line":34,"column":25}},"loc":{"start":{"line":34,"column":37},"end":{"line":38,"column":1}},"line":34}},"branchMap":{"0":{"loc":{"start":{"line":8,"column":12},"end":{"line":8,"column":49}},"type":"binary-expr","locations":[{"start":{"line":8,"column":12},"end":{"line":8,"column":32}},{"start":{"line":8,"column":36},"end":{"line":8,"column":49}}],"line":8},"1":{"loc":{"start":{"line":13,"column":0},"end":{"line":17,"column":1}},"type":"if","locations":[{"start":{"line":13,"column":0},"end":{"line":17,"column":1}},{"start":{"line":15,"column":7},"end":{"line":17,"column":1}}],"line":13},"2":{"loc":{"start":{"line":23,"column":6},"end":{"line":26,"column":37}},"type":"binary-expr","locations":[{"start":{"line":23,"column":6},"end":{"line":23,"column":29}},{"start":{"line":24,"column":6},"end":{"line":24,"column":23}},{"start":{"line":25,"column":6},"end":{"line":25,"column":30}},{"start":{"line":26,"column":6},"end":{"line":26,"column":37}}],"line":23},"3":{"loc":{"start":{"line":35,"column":2},"end":{"line":37,"column":3}},"type":"if","locations":[{"start":{"line":35,"column":2},"end":{"line":37,"column":3}},{"start":{},"end":{}}],"line":35}},"s":{"0":1,"1":1,"2":1,"3":1,"4":1,"5":1,"6":1,"7":1,"8":1,"9":0,"10":1,"11":1,"12":6,"13":5,"14":5,"15":1,"16":5,"17":5,"18":1,"19":1,"20":1},"f":{"0":6,"1":5,"2":5},"b":{"0":[1,0],"1":[0,1],"2":[6,6,5,5],"3":[5,0]},"_coverageSchema":"1a1c01bbd47fc00a2c39e90264f33305004495a9","hash":"1c6ba51a257f93907d7ee317f5db95847fc096bc"}
,"/Users/eliseolopez/Desktop/backend-software/backend-software/src/models/users.js": {"path":"/Users/eliseolopez/Desktop/backend-software/backend-software/src/models/users.js","statementMap":{"0":{"start":{"line":4,"column":4},"end":{"line":4,"column":24}},"1":{"start":{"line":5,"column":0},"end":{"line":33,"column":2}},"2":{"start":{"line":14,"column":6},"end":{"line":16,"column":8}},"3":{"start":{"line":17,"column":6},"end":{"line":19,"column":9}},"4":{"start":{"line":22,"column":2},"end":{"line":31,"column":5}},"5":{"start":{"line":32,"column":2},"end":{"line":32,"column":15}}},"fnMap":{"0":{"name":"(anonymous_0)","decl":{"start":{"line":5,"column":17},"end":{"line":5,"column":18}},"loc":{"start":{"line":5,"column":43},"end":{"line":33,"column":1}},"line":5},"1":{"name":"(anonymous_1)","decl":{"start":{"line":12,"column":4},"end":{"line":12,"column":5}},"loc":{"start":{"line":12,"column":29},"end":{"line":20,"column":5}},"line":12}},"branchMap":{},"s":{"0":1,"1":1,"2":1,"3":1,"4":1,"5":1},"f":{"0":1,"1":1},"b":{},"_coverageSchema":"1a1c01bbd47fc00a2c39e90264f33305004495a9","hash":"09d36ec650bab151f1bf35e6df1d637364a0e5ed"}
,"/Users/eliseolopez/Desktop/backend-software/backend-software/src/routes/availabilities.js": {"path":"/Users/eliseolopez/Desktop/backend-software/backend-software/src/routes/availabilities.js","statementMap":{"0":{"start":{"line":1,"column":15},"end":{"line":1,"column":36}},"1":{"start":{"line":2,"column":15},"end":{"line":2,"column":27}},"2":{"start":{"line":3,"column":42},"end":{"line":3,"column":62}},"3":{"start":{"line":6,"column":0},"end":{"line":14,"column":5}},"4":{"start":{"line":7,"column":4},"end":{"line":13,"column":5}},"5":{"start":{"line":8,"column":29},"end":{"line":8,"column":59}},"6":{"start":{"line":9,"column":6},"end":{"line":9,"column":32}},"7":{"start":{"line":11,"column":6},"end":{"line":11,"column":23}},"8":{"start":{"line":12,"column":6},"end":{"line":12,"column":56}},"9":{"start":{"line":18,"column":0},"end":{"line":33,"column":5}},"10":{"start":{"line":19,"column":4},"end":{"line":32,"column":5}},"11":{"start":{"line":20,"column":8},"end":{"line":20,"column":37}},"12":{"start":{"line":21,"column":26},"end":{"line":26,"column":8}},"13":{"start":{"line":27,"column":6},"end":{"line":27,"column":29}},"14":{"start":{"line":29,"column":6},"end":{"line":29,"column":27}},"15":{"start":{"line":30,"column":6},"end":{"line":30,"column":23}},"16":{"start":{"line":31,"column":6},"end":{"line":31,"column":27}},"17":{"start":{"line":36,"column":0},"end":{"line":50,"column":5}},"18":{"start":{"line":37,"column":4},"end":{"line":49,"column":5}},"19":{"start":{"line":38,"column":27},"end":{"line":38,"column":71}},"20":{"start":{"line":39,"column":6},"end":{"line":44,"column":7}},"21":{"start":{"line":40,"column":8},"end":{"line":40,"column":25}},"22":{"start":{"line":41,"column":8},"end":{"line":41,"column":55}},"23":{"start":{"line":43,"column":8},"end":{"line":43,"column":32}},"24":{"start":{"line":46,"column":8},"end":{"line":46,"column":29}},"25":{"start":{"line":47,"column":6},"end":{"line":47,"column":23}},"26":{"start":{"line":48,"column":6},"end":{"line":48,"column":51}},"27":{"start":{"line":53,"column":0},"end":{"line":74,"column":5}},"28":{"start":{"line":54,"column":4},"end":{"line":73,"column":5}},"29":{"start":{"line":55,"column":34},"end":{"line":55,"column":78}},"30":{"start":{"line":56,"column":6},"end":{"line":68,"column":7}},"31":{"start":{"line":57,"column":8},"end":{"line":57,"column":25}},"32":{"start":{"line":58,"column":8},"end":{"line":58,"column":55}},"33":{"start":{"line":60,"column":58},"end":{"line":60,"column":74}},"34":{"start":{"line":61,"column":8},"end":{"line":66,"column":11}},"35":{"start":{"line":67,"column":8},"end":{"line":67,"column":39}},"36":{"start":{"line":70,"column":8},"end":{"line":70,"column":29}},"37":{"start":{"line":71,"column":6},"end":{"line":71,"column":23}},"38":{"start":{"line":72,"column":6},"end":{"line":72,"column":47}},"39":{"start":{"line":77,"column":0},"end":{"line":92,"column":5}},"40":{"start":{"line":78,"column":4},"end":{"line":91,"column":5}},"41":{"start":{"line":79,"column":27},"end":{"line":79,"column":71}},"42":{"start":{"line":80,"column":6},"end":{"line":86,"column":7}},"43":{"start":{"line":81,"column":8},"end":{"line":81,"column":25}},"44":{"start":{"line":82,"column":8},"end":{"line":82,"column":55}},"45":{"start":{"line":84,"column":8},"end":{"line":84,"column":37}},"46":{"start":{"line":85,"column":8},"end":{"line":85,"column":55}},"47":{"start":{"line":88,"column":5},"end":{"line":88,"column":25}},"48":{"start":{"line":89,"column":6},"end":{"line":89,"column":23}},"49":{"start":{"line":90,"column":6},"end":{"line":90,"column":36}},"50":{"start":{"line":94,"column":0},"end":{"line":94,"column":24}}},"fnMap":{"0":{"name":"(anonymous_0)","decl":{"start":{"line":6,"column":35},"end":{"line":6,"column":36}},"loc":{"start":{"line":6,"column":50},"end":{"line":14,"column":3}},"line":6},"1":{"name":"(anonymous_1)","decl":{"start":{"line":18,"column":42},"end":{"line":18,"column":43}},"loc":{"start":{"line":18,"column":57},"end":{"line":33,"column":3}},"line":18},"2":{"name":"(anonymous_2)","decl":{"start":{"line":36,"column":38},"end":{"line":36,"column":39}},"loc":{"start":{"line":36,"column":53},"end":{"line":50,"column":3}},"line":36},"3":{"name":"(anonymous_3)","decl":{"start":{"line":53,"column":46},"end":{"line":53,"column":47}},"loc":{"start":{"line":53,"column":61},"end":{"line":74,"column":3}},"line":53},"4":{"name":"(anonymous_4)","decl":{"start":{"line":77,"column":48},"end":{"line":77,"column":49}},"loc":{"start":{"line":77,"column":63},"end":{"line":92,"column":3}},"line":77}},"branchMap":{"0":{"loc":{"start":{"line":39,"column":6},"end":{"line":44,"column":7}},"type":"if","locations":[{"start":{"line":39,"column":6},"end":{"line":44,"column":7}},{"start":{"line":42,"column":13},"end":{"line":44,"column":7}}],"line":39},"1":{"loc":{"start":{"line":56,"column":6},"end":{"line":68,"column":7}},"type":"if","locations":[{"start":{"line":56,"column":6},"end":{"line":68,"column":7}},{"start":{"line":59,"column":13},"end":{"line":68,"column":7}}],"line":56},"2":{"loc":{"start":{"line":80,"column":6},"end":{"line":86,"column":7}},"type":"if","locations":[{"start":{"line":80,"column":6},"end":{"line":86,"column":7}},{"start":{"line":83,"column":13},"end":{"line":86,"column":7}}],"line":80}},"s":{"0":1,"1":1,"2":1,"3":1,"4":0,"5":0,"6":0,"7":0,"8":0,"9":1,"10":0,"11":0,"12":0,"13":0,"14":0,"15":0,"16":0,"17":1,"18":0,"19":0,"20":0,"21":0,"22":0,"23":0,"24":0,"25":0,"26":0,"27":1,"28":0,"29":0,"30":0,"31":0,"32":0,"33":0,"34":0,"35":0,"36":0,"37":0,"38":0,"39":1,"40":0,"41":0,"42":0,"43":0,"44":0,"45":0,"46":0,"47":0,"48":0,"49":0,"50":1},"f":{"0":0,"1":0,"2":0,"3":0,"4":0},"b":{"0":[0,0],"1":[0,0],"2":[0,0]},"_coverageSchema":"1a1c01bbd47fc00a2c39e90264f33305004495a9","hash":"e37ba380edb2679579e9e1a5343be7c0fe8bdb59"}
,"/Users/eliseolopez/Desktop/backend-software/backend-software/src/routes/bookings.js": {"path":"/Users/eliseolopez/Desktop/backend-software/backend-software/src/routes/bookings.js","statementMap":{"0":{"start":{"line":1,"column":15},"end":{"line":1,"column":36}},"1":{"start":{"line":2,"column":15},"end":{"line":2,"column":27}},"2":{"start":{"line":3,"column":29},"end":{"line":3,"column":49}},"3":{"start":{"line":6,"column":0},"end":{"line":16,"column":5}},"4":{"start":{"line":7,"column":4},"end":{"line":15,"column":5}},"5":{"start":{"line":8,"column":23},"end":{"line":8,"column":47}},"6":{"start":{"line":9,"column":6},"end":{"line":9,"column":27}},"7":{"start":{"line":10,"column":6},"end":{"line":10,"column":26}},"8":{"start":{"line":12,"column":8},"end":{"line":12,"column":29}},"9":{"start":{"line":13,"column":6},"end":{"line":13,"column":23}},"10":{"start":{"line":14,"column":6},"end":{"line":14,"column":50}},"11":{"start":{"line":20,"column":0},"end":{"line":33,"column":5}},"12":{"start":{"line":21,"column":4},"end":{"line":32,"column":5}},"13":{"start":{"line":22,"column":22},"end":{"line":27,"column":8}},"14":{"start":{"line":28,"column":6},"end":{"line":28,"column":25}},"15":{"start":{"line":30,"column":6},"end":{"line":30,"column":23}},"16":{"start":{"line":31,"column":6},"end":{"line":31,"column":27}},"17":{"start":{"line":36,"column":0},"end":{"line":50,"column":5}},"18":{"start":{"line":37,"column":4},"end":{"line":49,"column":5}},"19":{"start":{"line":38,"column":22},"end":{"line":38,"column":60}},"20":{"start":{"line":39,"column":6},"end":{"line":44,"column":7}},"21":{"start":{"line":40,"column":8},"end":{"line":40,"column":25}},"22":{"start":{"line":41,"column":8},"end":{"line":41,"column":50}},"23":{"start":{"line":43,"column":8},"end":{"line":43,"column":27}},"24":{"start":{"line":46,"column":8},"end":{"line":46,"column":29}},"25":{"start":{"line":47,"column":6},"end":{"line":47,"column":23}},"26":{"start":{"line":48,"column":6},"end":{"line":48,"column":53}},"27":{"start":{"line":53,"column":0},"end":{"line":74,"column":5}},"28":{"start":{"line":54,"column":4},"end":{"line":73,"column":5}},"29":{"start":{"line":55,"column":20},"end":{"line":55,"column":58}},"30":{"start":{"line":56,"column":6},"end":{"line":68,"column":7}},"31":{"start":{"line":57,"column":8},"end":{"line":57,"column":25}},"32":{"start":{"line":58,"column":8},"end":{"line":58,"column":48}},"33":{"start":{"line":60,"column":62},"end":{"line":60,"column":78}},"34":{"start":{"line":61,"column":8},"end":{"line":66,"column":11}},"35":{"start":{"line":67,"column":8},"end":{"line":67,"column":25}},"36":{"start":{"line":70,"column":8},"end":{"line":70,"column":29}},"37":{"start":{"line":71,"column":6},"end":{"line":71,"column":23}},"38":{"start":{"line":72,"column":6},"end":{"line":72,"column":47}},"39":{"start":{"line":77,"column":0},"end":{"line":92,"column":5}},"40":{"start":{"line":78,"column":4},"end":{"line":91,"column":5}},"41":{"start":{"line":79,"column":22},"end":{"line":79,"column":60}},"42":{"start":{"line":80,"column":6},"end":{"line":86,"column":7}},"43":{"start":{"line":81,"column":8},"end":{"line":81,"column":25}},"44":{"start":{"line":82,"column":8},"end":{"line":82,"column":50}},"45":{"start":{"line":84,"column":8},"end":{"line":84,"column":32}},"46":{"start":{"line":85,"column":8},"end":{"line":85,"column":50}},"47":{"start":{"line":88,"column":5},"end":{"line":88,"column":25}},"48":{"start":{"line":89,"column":6},"end":{"line":89,"column":23}},"49":{"start":{"line":90,"column":6},"end":{"line":90,"column":36}},"50":{"start":{"line":94,"column":0},"end":{"line":94,"column":24}}},"fnMap":{"0":{"name":"(anonymous_0)","decl":{"start":{"line":6,"column":29},"end":{"line":6,"column":30}},"loc":{"start":{"line":6,"column":44},"end":{"line":16,"column":3}},"line":6},"1":{"name":"(anonymous_1)","decl":{"start":{"line":20,"column":36},"end":{"line":20,"column":37}},"loc":{"start":{"line":20,"column":51},"end":{"line":33,"column":3}},"line":20},"2":{"name":"(anonymous_2)","decl":{"start":{"line":36,"column":32},"end":{"line":36,"column":33}},"loc":{"start":{"line":36,"column":47},"end":{"line":50,"column":3}},"line":36},"3":{"name":"(anonymous_3)","decl":{"start":{"line":53,"column":40},"end":{"line":53,"column":41}},"loc":{"start":{"line":53,"column":55},"end":{"line":74,"column":3}},"line":53},"4":{"name":"(anonymous_4)","decl":{"start":{"line":77,"column":42},"end":{"line":77,"column":43}},"loc":{"start":{"line":77,"column":57},"end":{"line":92,"column":3}},"line":77}},"branchMap":{"0":{"loc":{"start":{"line":39,"column":6},"end":{"line":44,"column":7}},"type":"if","locations":[{"start":{"line":39,"column":6},"end":{"line":44,"column":7}},{"start":{"line":42,"column":13},"end":{"line":44,"column":7}}],"line":39},"1":{"loc":{"start":{"line":56,"column":6},"end":{"line":68,"column":7}},"type":"if","locations":[{"start":{"line":56,"column":6},"end":{"line":68,"column":7}},{"start":{"line":59,"column":13},"end":{"line":68,"column":7}}],"line":56},"2":{"loc":{"start":{"line":80,"column":6},"end":{"line":86,"column":7}},"type":"if","locations":[{"start":{"line":80,"column":6},"end":{"line":86,"column":7}},{"start":{"line":83,"column":13},"end":{"line":86,"column":7}}],"line":80}},"s":{"0":1,"1":1,"2":1,"3":1,"4":0,"5":0,"6":0,"7":0,"8":0,"9":0,"10":0,"11":1,"12":0,"13":0,"14":0,"15":0,"16":0,"17":1,"18":0,"19":0,"20":0,"21":0,"22":0,"23":0,"24":0,"25":0,"26":0,"27":1,"28":0,"29":0,"30":0,"31":0,"32":0,"33":0,"34":0,"35":0,"36":0,"37":0,"38":0,"39":1,"40":0,"41":0,"42":0,"43":0,"44":0,"45":0,"46":0,"47":0,"48":0,"49":0,"50":1},"f":{"0":0,"1":0,"2":0,"3":0,"4":0},"b":{"0":[0,0],"1":[0,0],"2":[0,0]},"_coverageSchema":"1a1c01bbd47fc00a2c39e90264f33305004495a9","hash":"32b5cc6a3e0f8b0cf54f981ace82cc4289179a3e"}
,"/Users/eliseolopez/Desktop/backend-software/backend-software/src/routes/enclousures.js": {"path":"/Users/eliseolopez/Desktop/backend-software/backend-software/src/routes/enclousures.js","statementMap":{"0":{"start":{"line":1,"column":15},"end":{"line":1,"column":36}},"1":{"start":{"line":2,"column":15},"end":{"line":2,"column":27}},"2":{"start":{"line":3,"column":31},"end":{"line":3,"column":51}},"3":{"start":{"line":9,"column":0},"end":{"line":30,"column":3}},"4":{"start":{"line":10,"column":2},"end":{"line":29,"column":3}},"5":{"start":{"line":12,"column":18},"end":{"line":12,"column":41}},"6":{"start":{"line":13,"column":4},"end":{"line":13,"column":23}},"7":{"start":{"line":14,"column":4},"end":{"line":14,"column":23}},"8":{"start":{"line":15,"column":23},"end":{"line":23,"column":6}},"9":{"start":{"line":24,"column":4},"end":{"line":24,"column":28}},"10":{"start":{"line":25,"column":4},"end":{"line":25,"column":26}},"11":{"start":{"line":27,"column":4},"end":{"line":27,"column":21}},"12":{"start":{"line":28,"column":4},"end":{"line":28,"column":56}},"13":{"start":{"line":34,"column":0},"end":{"line":43,"column":3}},"14":{"start":{"line":35,"column":2},"end":{"line":42,"column":3}},"15":{"start":{"line":36,"column":24},"end":{"line":36,"column":51}},"16":{"start":{"line":37,"column":4},"end":{"line":37,"column":28}},"17":{"start":{"line":38,"column":4},"end":{"line":38,"column":27}},"18":{"start":{"line":40,"column":4},"end":{"line":40,"column":21}},"19":{"start":{"line":41,"column":4},"end":{"line":41,"column":59}},"20":{"start":{"line":47,"column":0},"end":{"line":61,"column":3}},"21":{"start":{"line":48,"column":2},"end":{"line":60,"column":3}},"22":{"start":{"line":49,"column":23},"end":{"line":49,"column":64}},"23":{"start":{"line":50,"column":4},"end":{"line":50,"column":28}},"24":{"start":{"line":51,"column":4},"end":{"line":56,"column":5}},"25":{"start":{"line":52,"column":6},"end":{"line":52,"column":23}},"26":{"start":{"line":53,"column":6},"end":{"line":53,"column":51}},"27":{"start":{"line":55,"column":6},"end":{"line":55,"column":28}},"28":{"start":{"line":58,"column":4},"end":{"line":58,"column":21}},"29":{"start":{"line":59,"column":4},"end":{"line":59,"column":58}},"30":{"start":{"line":65,"column":0},"end":{"line":88,"column":3}},"31":{"start":{"line":66,"column":2},"end":{"line":87,"column":3}},"32":{"start":{"line":67,"column":23},"end":{"line":67,"column":64}},"33":{"start":{"line":68,"column":4},"end":{"line":68,"column":28}},"34":{"start":{"line":69,"column":4},"end":{"line":83,"column":5}},"35":{"start":{"line":70,"column":6},"end":{"line":70,"column":23}},"36":{"start":{"line":71,"column":6},"end":{"line":71,"column":51}},"37":{"start":{"line":73,"column":75},"end":{"line":73,"column":91}},"38":{"start":{"line":74,"column":6},"end":{"line":81,"column":9}},"39":{"start":{"line":82,"column":6},"end":{"line":82,"column":28}},"40":{"start":{"line":85,"column":4},"end":{"line":85,"column":21}},"41":{"start":{"line":86,"column":4},"end":{"line":86,"column":56}},"42":{"start":{"line":93,"column":0},"end":{"line":108,"column":3}},"43":{"start":{"line":94,"column":2},"end":{"line":107,"column":3}},"44":{"start":{"line":95,"column":23},"end":{"line":95,"column":64}},"45":{"start":{"line":96,"column":4},"end":{"line":96,"column":28}},"46":{"start":{"line":97,"column":4},"end":{"line":103,"column":5}},"47":{"start":{"line":98,"column":6},"end":{"line":98,"column":23}},"48":{"start":{"line":99,"column":6},"end":{"line":99,"column":51}},"49":{"start":{"line":101,"column":6},"end":{"line":101,"column":33}},"50":{"start":{"line":102,"column":6},"end":{"line":102,"column":64}},"51":{"start":{"line":105,"column":4},"end":{"line":105,"column":21}},"52":{"start":{"line":106,"column":4},"end":{"line":106,"column":56}},"53":{"start":{"line":113,"column":0},"end":{"line":113,"column":24}}},"fnMap":{"0":{"name":"(anonymous_0)","decl":{"start":{"line":9,"column":39},"end":{"line":9,"column":40}},"loc":{"start":{"line":9,"column":54},"end":{"line":30,"column":1}},"line":9},"1":{"name":"(anonymous_1)","decl":{"start":{"line":34,"column":32},"end":{"line":34,"column":33}},"loc":{"start":{"line":34,"column":47},"end":{"line":43,"column":1}},"line":34},"2":{"name":"(anonymous_2)","decl":{"start":{"line":47,"column":35},"end":{"line":47,"column":36}},"loc":{"start":{"line":47,"column":50},"end":{"line":61,"column":1}},"line":47},"3":{"name":"(anonymous_3)","decl":{"start":{"line":65,"column":43},"end":{"line":65,"column":44}},"loc":{"start":{"line":65,"column":58},"end":{"line":88,"column":1}},"line":65},"4":{"name":"(anonymous_4)","decl":{"start":{"line":93,"column":45},"end":{"line":93,"column":46}},"loc":{"start":{"line":93,"column":60},"end":{"line":108,"column":1}},"line":93}},"branchMap":{"0":{"loc":{"start":{"line":51,"column":4},"end":{"line":56,"column":5}},"type":"if","locations":[{"start":{"line":51,"column":4},"end":{"line":56,"column":5}},{"start":{"line":54,"column":11},"end":{"line":56,"column":5}}],"line":51},"1":{"loc":{"start":{"line":69,"column":4},"end":{"line":83,"column":5}},"type":"if","locations":[{"start":{"line":69,"column":4},"end":{"line":83,"column":5}},{"start":{"line":72,"column":11},"end":{"line":83,"column":5}}],"line":69},"2":{"loc":{"start":{"line":97,"column":4},"end":{"line":103,"column":5}},"type":"if","locations":[{"start":{"line":97,"column":4},"end":{"line":103,"column":5}},{"start":{"line":100,"column":11},"end":{"line":103,"column":5}}],"line":97}},"s":{"0":1,"1":1,"2":1,"3":1,"4":0,"5":0,"6":0,"7":0,"8":0,"9":0,"10":0,"11":0,"12":0,"13":1,"14":0,"15":0,"16":0,"17":0,"18":0,"19":0,"20":1,"21":0,"22":0,"23":0,"24":0,"25":0,"26":0,"27":0,"28":0,"29":0,"30":1,"31":0,"32":0,"33":0,"34":0,"35":0,"36":0,"37":0,"38":0,"39":0,"40":0,"41":0,"42":1,"43":0,"44":0,"45":0,"46":0,"47":0,"48":0,"49":0,"50":0,"51":0,"52":0,"53":1},"f":{"0":0,"1":0,"2":0,"3":0,"4":0},"b":{"0":[0,0],"1":[0,0],"2":[0,0]},"_coverageSchema":"1a1c01bbd47fc00a2c39e90264f33305004495a9","hash":"82776ff03d37c6537fb92330cf7b9b301eddbb30"}
,"/Users/eliseolopez/Desktop/backend-software/backend-software/src/routes/fields.js": {"path":"/Users/eliseolopez/Desktop/backend-software/backend-software/src/routes/fields.js","statementMap":{"0":{"start":{"line":1,"column":15},"end":{"line":1,"column":36}},"1":{"start":{"line":2,"column":15},"end":{"line":2,"column":27}},"2":{"start":{"line":3,"column":39},"end":{"line":3,"column":59}},"3":{"start":{"line":6,"column":0},"end":{"line":15,"column":5}},"4":{"start":{"line":7,"column":4},"end":{"line":14,"column":5}},"5":{"start":{"line":8,"column":21},"end":{"line":8,"column":43}},"6":{"start":{"line":9,"column":6},"end":{"line":9,"column":25}},"7":{"start":{"line":10,"column":6},"end":{"line":10,"column":24}},"8":{"start":{"line":12,"column":6},"end":{"line":12,"column":23}},"9":{"start":{"line":13,"column":6},"end":{"line":13,"column":48}},"10":{"start":{"line":19,"column":0},"end":{"line":37,"column":5}},"11":{"start":{"line":20,"column":4},"end":{"line":36,"column":5}},"12":{"start":{"line":22,"column":20},"end":{"line":22,"column":43}},"13":{"start":{"line":23,"column":6},"end":{"line":23,"column":25}},"14":{"start":{"line":24,"column":6},"end":{"line":24,"column":25}},"15":{"start":{"line":25,"column":20},"end":{"line":31,"column":8}},"16":{"start":{"line":32,"column":6},"end":{"line":32,"column":23}},"17":{"start":{"line":34,"column":6},"end":{"line":34,"column":23}},"18":{"start":{"line":35,"column":6},"end":{"line":35,"column":27}},"19":{"start":{"line":40,"column":0},"end":{"line":54,"column":5}},"20":{"start":{"line":41,"column":4},"end":{"line":53,"column":5}},"21":{"start":{"line":42,"column":20},"end":{"line":42,"column":56}},"22":{"start":{"line":43,"column":6},"end":{"line":48,"column":7}},"23":{"start":{"line":44,"column":8},"end":{"line":44,"column":25}},"24":{"start":{"line":45,"column":8},"end":{"line":45,"column":48}},"25":{"start":{"line":47,"column":8},"end":{"line":47,"column":25}},"26":{"start":{"line":50,"column":8},"end":{"line":50,"column":29}},"27":{"start":{"line":51,"column":6},"end":{"line":51,"column":23}},"28":{"start":{"line":52,"column":6},"end":{"line":52,"column":51}},"29":{"start":{"line":57,"column":0},"end":{"line":79,"column":5}},"30":{"start":{"line":58,"column":4},"end":{"line":78,"column":5}},"31":{"start":{"line":59,"column":20},"end":{"line":59,"column":56}},"32":{"start":{"line":60,"column":6},"end":{"line":73,"column":7}},"33":{"start":{"line":61,"column":8},"end":{"line":61,"column":25}},"34":{"start":{"line":62,"column":8},"end":{"line":62,"column":48}},"35":{"start":{"line":64,"column":79},"end":{"line":64,"column":95}},"36":{"start":{"line":65,"column":8},"end":{"line":71,"column":11}},"37":{"start":{"line":72,"column":8},"end":{"line":72,"column":25}},"38":{"start":{"line":75,"column":8},"end":{"line":75,"column":29}},"39":{"start":{"line":76,"column":6},"end":{"line":76,"column":23}},"40":{"start":{"line":77,"column":6},"end":{"line":77,"column":47}},"41":{"start":{"line":82,"column":0},"end":{"line":97,"column":5}},"42":{"start":{"line":83,"column":4},"end":{"line":96,"column":5}},"43":{"start":{"line":84,"column":20},"end":{"line":84,"column":56}},"44":{"start":{"line":85,"column":6},"end":{"line":91,"column":7}},"45":{"start":{"line":86,"column":8},"end":{"line":86,"column":25}},"46":{"start":{"line":87,"column":8},"end":{"line":87,"column":48}},"47":{"start":{"line":89,"column":8},"end":{"line":89,"column":30}},"48":{"start":{"line":90,"column":8},"end":{"line":90,"column":48}},"49":{"start":{"line":93,"column":5},"end":{"line":93,"column":25}},"50":{"start":{"line":94,"column":6},"end":{"line":94,"column":23}},"51":{"start":{"line":95,"column":6},"end":{"line":95,"column":36}},"52":{"start":{"line":99,"column":0},"end":{"line":99,"column":24}}},"fnMap":{"0":{"name":"(anonymous_0)","decl":{"start":{"line":6,"column":27},"end":{"line":6,"column":28}},"loc":{"start":{"line":6,"column":42},"end":{"line":15,"column":3}},"line":6},"1":{"name":"(anonymous_1)","decl":{"start":{"line":19,"column":34},"end":{"line":19,"column":35}},"loc":{"start":{"line":19,"column":49},"end":{"line":37,"column":3}},"line":19},"2":{"name":"(anonymous_2)","decl":{"start":{"line":40,"column":30},"end":{"line":40,"column":31}},"loc":{"start":{"line":40,"column":45},"end":{"line":54,"column":3}},"line":40},"3":{"name":"(anonymous_3)","decl":{"start":{"line":57,"column":38},"end":{"line":57,"column":39}},"loc":{"start":{"line":57,"column":53},"end":{"line":79,"column":3}},"line":57},"4":{"name":"(anonymous_4)","decl":{"start":{"line":82,"column":40},"end":{"line":82,"column":41}},"loc":{"start":{"line":82,"column":55},"end":{"line":97,"column":3}},"line":82}},"branchMap":{"0":{"loc":{"start":{"line":43,"column":6},"end":{"line":48,"column":7}},"type":"if","locations":[{"start":{"line":43,"column":6},"end":{"line":48,"column":7}},{"start":{"line":46,"column":13},"end":{"line":48,"column":7}}],"line":43},"1":{"loc":{"start":{"line":60,"column":6},"end":{"line":73,"column":7}},"type":"if","locations":[{"start":{"line":60,"column":6},"end":{"line":73,"column":7}},{"start":{"line":63,"column":13},"end":{"line":73,"column":7}}],"line":60},"2":{"loc":{"start":{"line":85,"column":6},"end":{"line":91,"column":7}},"type":"if","locations":[{"start":{"line":85,"column":6},"end":{"line":91,"column":7}},{"start":{"line":88,"column":13},"end":{"line":91,"column":7}}],"line":85}},"s":{"0":1,"1":1,"2":1,"3":1,"4":0,"5":0,"6":0,"7":0,"8":0,"9":0,"10":1,"11":0,"12":0,"13":0,"14":0,"15":0,"16":0,"17":0,"18":0,"19":1,"20":0,"21":0,"22":0,"23":0,"24":0,"25":0,"26":0,"27":0,"28":0,"29":1,"30":0,"31":0,"32":0,"33":0,"34":0,"35":0,"36":0,"37":0,"38":0,"39":0,"40":0,"41":1,"42":0,"43":0,"44":0,"45":0,"46":0,"47":0,"48":0,"49":0,"50":0,"51":0,"52":1},"f":{"0":0,"1":0,"2":0,"3":0,"4":0},"b":{"0":[0,0],"1":[0,0],"2":[0,0]},"_coverageSchema":"1a1c01bbd47fc00a2c39e90264f33305004495a9","hash":"19c56600dc9ab379c793206f58edfdcb03b0d815"}
,"/Users/eliseolopez/Desktop/backend-software/backend-software/src/routes/users.js": {"path":"/Users/eliseolopez/Desktop/backend-software/backend-software/src/routes/users.js","statementMap":{"0":{"start":{"line":5,"column":15},"end":{"line":5,"column":36}},"1":{"start":{"line":7,"column":15},"end":{"line":7,"column":27}},"2":{"start":{"line":9,"column":16},"end":{"line":9,"column":36}},"3":{"start":{"line":14,"column":0},"end":{"line":29,"column":3}},"4":{"start":{"line":15,"column":2},"end":{"line":28,"column":3}},"5":{"start":{"line":16,"column":17},"end":{"line":22,"column":6}},"6":{"start":{"line":23,"column":4},"end":{"line":23,"column":22}},"7":{"start":{"line":24,"column":4},"end":{"line":24,"column":20}},"8":{"start":{"line":26,"column":4},"end":{"line":26,"column":21}},"9":{"start":{"line":27,"column":4},"end":{"line":27,"column":50}},"10":{"start":{"line":33,"column":0},"end":{"line":42,"column":3}},"11":{"start":{"line":34,"column":2},"end":{"line":41,"column":3}},"12":{"start":{"line":35,"column":18},"end":{"line":35,"column":39}},"13":{"start":{"line":36,"column":4},"end":{"line":36,"column":22}},"14":{"start":{"line":37,"column":4},"end":{"line":37,"column":21}},"15":{"start":{"line":39,"column":4},"end":{"line":39,"column":21}},"16":{"start":{"line":40,"column":4},"end":{"line":40,"column":59}},"17":{"start":{"line":45,"column":0},"end":{"line":59,"column":3}},"18":{"start":{"line":46,"column":2},"end":{"line":58,"column":3}},"19":{"start":{"line":47,"column":17},"end":{"line":47,"column":52}},"20":{"start":{"line":48,"column":4},"end":{"line":48,"column":22}},"21":{"start":{"line":49,"column":4},"end":{"line":54,"column":5}},"22":{"start":{"line":50,"column":6},"end":{"line":50,"column":23}},"23":{"start":{"line":51,"column":6},"end":{"line":51,"column":45}},"24":{"start":{"line":53,"column":6},"end":{"line":53,"column":22}},"25":{"start":{"line":56,"column":4},"end":{"line":56,"column":21}},"26":{"start":{"line":57,"column":4},"end":{"line":57,"column":52}},"27":{"start":{"line":63,"column":0},"end":{"line":85,"column":3}},"28":{"start":{"line":64,"column":2},"end":{"line":84,"column":3}},"29":{"start":{"line":65,"column":17},"end":{"line":65,"column":52}},"30":{"start":{"line":66,"column":4},"end":{"line":66,"column":22}},"31":{"start":{"line":67,"column":4},"end":{"line":80,"column":5}},"32":{"start":{"line":68,"column":6},"end":{"line":68,"column":23}},"33":{"start":{"line":69,"column":6},"end":{"line":69,"column":45}},"34":{"start":{"line":71,"column":56},"end":{"line":71,"column":72}},"35":{"start":{"line":72,"column":6},"end":{"line":78,"column":9}},"36":{"start":{"line":79,"column":6},"end":{"line":79,"column":22}},"37":{"start":{"line":82,"column":4},"end":{"line":82,"column":21}},"38":{"start":{"line":83,"column":4},"end":{"line":83,"column":50}},"39":{"start":{"line":89,"column":0},"end":{"line":104,"column":3}},"40":{"start":{"line":90,"column":2},"end":{"line":103,"column":3}},"41":{"start":{"line":91,"column":17},"end":{"line":91,"column":52}},"42":{"start":{"line":92,"column":4},"end":{"line":92,"column":22}},"43":{"start":{"line":93,"column":4},"end":{"line":99,"column":5}},"44":{"start":{"line":94,"column":6},"end":{"line":94,"column":23}},"45":{"start":{"line":95,"column":6},"end":{"line":95,"column":45}},"46":{"start":{"line":97,"column":6},"end":{"line":97,"column":27}},"47":{"start":{"line":98,"column":6},"end":{"line":98,"column":58}},"48":{"start":{"line":101,"column":4},"end":{"line":101,"column":21}},"49":{"start":{"line":102,"column":4},"end":{"line":102,"column":50}},"50":{"start":{"line":108,"column":0},"end":{"line":108,"column":24}}},"fnMap":{"0":{"name":"(anonymous_0)","decl":{"start":{"line":14,"column":33},"end":{"line":14,"column":34}},"loc":{"start":{"line":14,"column":48},"end":{"line":29,"column":1}},"line":14},"1":{"name":"(anonymous_1)","decl":{"start":{"line":33,"column":26},"end":{"line":33,"column":27}},"loc":{"start":{"line":33,"column":41},"end":{"line":42,"column":1}},"line":33},"2":{"name":"(anonymous_2)","decl":{"start":{"line":45,"column":29},"end":{"line":45,"column":30}},"loc":{"start":{"line":45,"column":44},"end":{"line":59,"column":1}},"line":45},"3":{"name":"(anonymous_3)","decl":{"start":{"line":63,"column":37},"end":{"line":63,"column":38}},"loc":{"start":{"line":63,"column":52},"end":{"line":85,"column":1}},"line":63},"4":{"name":"(anonymous_4)","decl":{"start":{"line":89,"column":39},"end":{"line":89,"column":40}},"loc":{"start":{"line":89,"column":54},"end":{"line":104,"column":1}},"line":89}},"branchMap":{"0":{"loc":{"start":{"line":49,"column":4},"end":{"line":54,"column":5}},"type":"if","locations":[{"start":{"line":49,"column":4},"end":{"line":54,"column":5}},{"start":{"line":52,"column":11},"end":{"line":54,"column":5}}],"line":49},"1":{"loc":{"start":{"line":67,"column":4},"end":{"line":80,"column":5}},"type":"if","locations":[{"start":{"line":67,"column":4},"end":{"line":80,"column":5}},{"start":{"line":70,"column":11},"end":{"line":80,"column":5}}],"line":67},"2":{"loc":{"start":{"line":93,"column":4},"end":{"line":99,"column":5}},"type":"if","locations":[{"start":{"line":93,"column":4},"end":{"line":99,"column":5}},{"start":{"line":96,"column":11},"end":{"line":99,"column":5}}],"line":93}},"s":{"0":1,"1":1,"2":1,"3":1,"4":0,"5":0,"6":0,"7":0,"8":0,"9":0,"10":1,"11":0,"12":0,"13":0,"14":0,"15":0,"16":0,"17":1,"18":0,"19":0,"20":0,"21":0,"22":0,"23":0,"24":0,"25":0,"26":0,"27":1,"28":0,"29":0,"30":0,"31":0,"32":0,"33":0,"34":0,"35":0,"36":0,"37":0,"38":0,"39":1,"40":0,"41":0,"42":0,"43":0,"44":0,"45":0,"46":0,"47":0,"48":0,"49":0,"50":1},"f":{"0":0,"1":0,"2":0,"3":0,"4":0},"b":{"0":[0,0],"1":[0,0],"2":[0,0]},"_coverageSchema":"1a1c01bbd47fc00a2c39e90264f33305004495a9","hash":"9c58d68490f9698f90459f49eebc5a40cfc2d9b1"}
,"/Users/eliseolopez/Desktop/backend-software/backend-software/test/unit/server.js": {"path":"/Users/eliseolopez/Desktop/backend-software/backend-software/test/unit/server.js","statementMap":{"0":{"start":{"line":1,"column":12},"end":{"line":1,"column":36}},"1":{"start":{"line":5,"column":0},"end":{"line":13,"column":2}},"2":{"start":{"line":6,"column":2},"end":{"line":12,"column":5}},"3":{"start":{"line":7,"column":4},"end":{"line":11,"column":7}},"4":{"start":{"line":8,"column":23},"end":{"line":8,"column":39}},"5":{"start":{"line":9,"column":6},"end":{"line":9,"column":67}},"6":{"start":{"line":10,"column":6},"end":{"line":10,"column":16}},"7":{"start":{"line":15,"column":0},"end":{"line":22,"column":2}},"8":{"start":{"line":16,"column":2},"end":{"line":21,"column":5}},"9":{"start":{"line":17,"column":4},"end":{"line":20,"column":7}},"10":{"start":{"line":18,"column":6},"end":{"line":18,"column":35}},"11":{"start":{"line":19,"column":6},"end":{"line":19,"column":16}}},"fnMap":{"0":{"name":"(anonymous_0)","decl":{"start":{"line":5,"column":22},"end":{"line":5,"column":23}},"loc":{"start":{"line":5,"column":34},"end":{"line":13,"column":1}},"line":5},"1":{"name":"(anonymous_1)","decl":{"start":{"line":6,"column":21},"end":{"line":6,"column":22}},"loc":{"start":{"line":6,"column":34},"end":{"line":12,"column":3}},"line":6},"2":{"name":"(anonymous_2)","decl":{"start":{"line":7,"column":30},"end":{"line":7,"column":31}},"loc":{"start":{"line":7,"column":36},"end":{"line":11,"column":5}},"line":7},"3":{"name":"(anonymous_3)","decl":{"start":{"line":15,"column":22},"end":{"line":15,"column":23}},"loc":{"start":{"line":15,"column":34},"end":{"line":22,"column":1}},"line":15},"4":{"name":"(anonymous_4)","decl":{"start":{"line":16,"column":21},"end":{"line":16,"column":22}},"loc":{"start":{"line":16,"column":34},"end":{"line":21,"column":3}},"line":16},"5":{"name":"(anonymous_5)","decl":{"start":{"line":17,"column":17},"end":{"line":17,"column":18}},"loc":{"start":{"line":17,"column":23},"end":{"line":20,"column":5}},"line":17}},"branchMap":{},"s":{"0":1,"1":1,"2":1,"3":1,"4":0,"5":0,"6":0,"7":1,"8":1,"9":1,"10":0,"11":0},"f":{"0":1,"1":1,"2":0,"3":1,"4":1,"5":0},"b":{},"_coverageSchema":"1a1c01bbd47fc00a2c39e90264f33305004495a9","hash":"5455b16a3e8e495dda562e8d7014e2218c29b94e"}
}
