{"/Users/eliseolopez/Desktop/backend-software/backend-software/src/app.js": {"path":"/Users/eliseolopez/Desktop/backend-software/backend-software/src/app.js","statementMap":{"0":{"start":{"line":1,"column":12},"end":{"line":1,"column":26}},"1":{"start":{"line":2,"column":20},"end":{"line":2,"column":39}},"2":{"start":{"line":3,"column":18},"end":{"line":3,"column":39}},"3":{"start":{"line":4,"column":13},"end":{"line":4,"column":33}},"4":{"start":{"line":5,"column":15},"end":{"line":5,"column":34}},"5":{"start":{"line":6,"column":12},"end":{"line":6,"column":31}},"6":{"start":{"line":8,"column":12},"end":{"line":8,"column":21}},"7":{"start":{"line":10,"column":0},"end":{"line":10,"column":16}},"8":{"start":{"line":11,"column":0},"end":{"line":11,"column":22}},"9":{"start":{"line":13,"column":0},"end":{"line":13,"column":21}},"10":{"start":{"line":14,"column":0},"end":{"line":14,"column":19}},"11":{"start":{"line":15,"column":0},"end":{"line":15,"column":25}},"12":{"start":{"line":17,"column":0},"end":{"line":19,"column":3}},"13":{"start":{"line":18,"column":2},"end":{"line":18,"column":28}},"14":{"start":{"line":28,"column":0},"end":{"line":28,"column":21}}},"fnMap":{"0":{"name":"(anonymous_0)","decl":{"start":{"line":17,"column":8},"end":{"line":17,"column":9}},"loc":{"start":{"line":17,"column":29},"end":{"line":19,"column":1}},"line":17}},"branchMap":{},"s":{"0":5,"1":5,"2":5,"3":5,"4":5,"5":5,"6":5,"7":5,"8":5,"9":5,"10":5,"11":5,"12":5,"13":3,"14":5},"f":{"0":3},"b":{},"_coverageSchema":"1a1c01bbd47fc00a2c39e90264f33305004495a9","hash":"30e7aa3b16c4ef49e3b5caa648ec6dd33b71c36f"}
,"/Users/eliseolopez/Desktop/backend-software/backend-software/src/routes.js": {"path":"/Users/eliseolopez/Desktop/backend-software/backend-software/src/routes.js","statementMap":{"0":{"start":{"line":1,"column":15},"end":{"line":1,"column":36}},"1":{"start":{"line":3,"column":14},"end":{"line":3,"column":42}},"2":{"start":{"line":4,"column":20},"end":{"line":4,"column":54}},"3":{"start":{"line":5,"column":15},"end":{"line":5,"column":44}},"4":{"start":{"line":6,"column":23},"end":{"line":6,"column":60}},"5":{"start":{"line":7,"column":17},"end":{"line":7,"column":48}},"6":{"start":{"line":9,"column":15},"end":{"line":9,"column":27}},"7":{"start":{"line":12,"column":0},"end":{"line":12,"column":35}},"8":{"start":{"line":13,"column":0},"end":{"line":13,"column":47}},"9":{"start":{"line":14,"column":0},"end":{"line":14,"column":38}},"10":{"start":{"line":15,"column":0},"end":{"line":15,"column":54}},"11":{"start":{"line":16,"column":0},"end":{"line":16,"column":42}},"12":{"start":{"line":21,"column":0},"end":{"line":21,"column":24}}},"fnMap":{},"branchMap":{},"s":{"0":5,"1":5,"2":5,"3":5,"4":5,"5":5,"6":5,"7":5,"8":5,"9":5,"10":5,"11":5,"12":5},"f":{},"b":{},"_coverageSchema":"1a1c01bbd47fc00a2c39e90264f33305004495a9","hash":"008540a040a08b90cfca7ef0dbe8e4481a5fb14a"}
,"/Users/eliseolopez/Desktop/backend-software/backend-software/src/config/config.js": {"path":"/Users/eliseolopez/Desktop/backend-software/backend-software/src/config/config.js","statementMap":{"0":{"start":{"line":1,"column":15},"end":{"line":1,"column":32}},"1":{"start":{"line":2,"column":0},"end":{"line":2,"column":16}},"2":{"start":{"line":4,"column":0},"end":{"line":26,"column":1}}},"fnMap":{},"branchMap":{},"s":{"0":5,"1":5,"2":5},"f":{},"b":{},"_coverageSchema":"1a1c01bbd47fc00a2c39e90264f33305004495a9","hash":"2fac143deaa7abb2816e02d49b209d7cdbc0cd7a"}
,"/Users/eliseolopez/Desktop/backend-software/backend-software/src/models/availabilities.js": {"path":"/Users/eliseolopez/Desktop/backend-software/backend-software/src/models/availabilities.js","statementMap":{"0":{"start":{"line":4,"column":4},"end":{"line":4,"column":24}},"1":{"start":{"line":5,"column":0},"end":{"line":32,"column":2}},"2":{"start":{"line":14,"column":6},"end":{"line":17,"column":9}},"3":{"start":{"line":18,"column":6},"end":{"line":20,"column":9}},"4":{"start":{"line":23,"column":2},"end":{"line":30,"column":5}},"5":{"start":{"line":31,"column":2},"end":{"line":31,"column":24}}},"fnMap":{"0":{"name":"(anonymous_0)","decl":{"start":{"line":5,"column":17},"end":{"line":5,"column":18}},"loc":{"start":{"line":5,"column":43},"end":{"line":32,"column":1}},"line":5},"1":{"name":"(anonymous_1)","decl":{"start":{"line":12,"column":4},"end":{"line":12,"column":5}},"loc":{"start":{"line":12,"column":29},"end":{"line":21,"column":5}},"line":12}},"branchMap":{},"s":{"0":5,"1":5,"2":5,"3":5,"4":5,"5":5},"f":{"0":5,"1":5},"b":{},"_coverageSchema":"1a1c01bbd47fc00a2c39e90264f33305004495a9","hash":"04ceb0b24effeee4a8fadccf059dcfd57571125e"}
,"/Users/eliseolopez/Desktop/backend-software/backend-software/src/models/bookings.js": {"path":"/Users/eliseolopez/Desktop/backend-software/backend-software/src/models/bookings.js","statementMap":{"0":{"start":{"line":4,"column":4},"end":{"line":4,"column":24}},"1":{"start":{"line":5,"column":0},"end":{"line":35,"column":2}},"2":{"start":{"line":14,"column":6},"end":{"line":17,"column":9}},"3":{"start":{"line":18,"column":6},"end":{"line":21,"column":9}},"4":{"start":{"line":22,"column":6},"end":{"line":25,"column":9}},"5":{"start":{"line":28,"column":2},"end":{"line":33,"column":5}},"6":{"start":{"line":34,"column":2},"end":{"line":34,"column":18}}},"fnMap":{"0":{"name":"(anonymous_0)","decl":{"start":{"line":5,"column":17},"end":{"line":5,"column":18}},"loc":{"start":{"line":5,"column":43},"end":{"line":35,"column":1}},"line":5},"1":{"name":"(anonymous_1)","decl":{"start":{"line":12,"column":4},"end":{"line":12,"column":5}},"loc":{"start":{"line":12,"column":29},"end":{"line":26,"column":5}},"line":12}},"branchMap":{},"s":{"0":5,"1":5,"2":5,"3":5,"4":5,"5":5,"6":5},"f":{"0":5,"1":5},"b":{},"_coverageSchema":"1a1c01bbd47fc00a2c39e90264f33305004495a9","hash":"e53845cf264a426759e793069081c0cd0147fb56"}
,"/Users/eliseolopez/Desktop/backend-software/backend-software/src/models/enclousures.js": {"path":"/Users/eliseolopez/Desktop/backend-software/backend-software/src/models/enclousures.js","statementMap":{"0":{"start":{"line":4,"column":4},"end":{"line":4,"column":24}},"1":{"start":{"line":5,"column":0},"end":{"line":35,"column":2}},"2":{"start":{"line":14,"column":6},"end":{"line":17,"column":9}},"3":{"start":{"line":18,"column":6},"end":{"line":20,"column":9}},"4":{"start":{"line":23,"column":2},"end":{"line":33,"column":5}},"5":{"start":{"line":34,"column":2},"end":{"line":34,"column":21}}},"fnMap":{"0":{"name":"(anonymous_0)","decl":{"start":{"line":5,"column":17},"end":{"line":5,"column":18}},"loc":{"start":{"line":5,"column":43},"end":{"line":35,"column":1}},"line":5},"1":{"name":"(anonymous_1)","decl":{"start":{"line":12,"column":4},"end":{"line":12,"column":5}},"loc":{"start":{"line":12,"column":29},"end":{"line":21,"column":5}},"line":12}},"branchMap":{},"s":{"0":5,"1":5,"2":5,"3":5,"4":5,"5":5},"f":{"0":5,"1":5},"b":{},"_coverageSchema":"1a1c01bbd47fc00a2c39e90264f33305004495a9","hash":"7b18183e5f29281e74af17c30be9dded09ec722d"}
,"/Users/eliseolopez/Desktop/backend-software/backend-software/src/models/field.js": {"path":"/Users/eliseolopez/Desktop/backend-software/backend-software/src/models/field.js","statementMap":{"0":{"start":{"line":4,"column":4},"end":{"line":4,"column":24}},"1":{"start":{"line":5,"column":0},"end":{"line":39,"column":2}},"2":{"start":{"line":8,"column":6},"end":{"line":8,"column":45}},"3":{"start":{"line":17,"column":6},"end":{"line":20,"column":9}},"4":{"start":{"line":21,"column":6},"end":{"line":23,"column":9}},"5":{"start":{"line":24,"column":6},"end":{"line":26,"column":9}},"6":{"start":{"line":29,"column":2},"end":{"line":37,"column":5}},"7":{"start":{"line":38,"column":2},"end":{"line":38,"column":16}}},"fnMap":{"0":{"name":"(anonymous_0)","decl":{"start":{"line":5,"column":17},"end":{"line":5,"column":18}},"loc":{"start":{"line":5,"column":43},"end":{"line":39,"column":1}},"line":5},"1":{"name":"(anonymous_1)","decl":{"start":{"line":7,"column":4},"end":{"line":7,"column":5}},"loc":{"start":{"line":7,"column":24},"end":{"line":9,"column":5}},"line":7},"2":{"name":"(anonymous_2)","decl":{"start":{"line":15,"column":4},"end":{"line":15,"column":5}},"loc":{"start":{"line":15,"column":29},"end":{"line":27,"column":5}},"line":15}},"branchMap":{},"s":{"0":5,"1":5,"2":3,"3":5,"4":5,"5":5,"6":5,"7":5},"f":{"0":5,"1":3,"2":5},"b":{},"_coverageSchema":"1a1c01bbd47fc00a2c39e90264f33305004495a9","hash":"e0206aa85da6e76bda65c72f1c5149ace85f51d6"}
,"/Users/eliseolopez/Desktop/backend-software/backend-software/src/models/index.js": {"path":"/Users/eliseolopez/Desktop/backend-software/backend-software/src/models/index.js","statementMap":{"0":{"start":{"line":3,"column":11},"end":{"line":3,"column":24}},"1":{"start":{"line":4,"column":13},"end":{"line":4,"column":28}},"2":{"start":{"line":5,"column":18},"end":{"line":5,"column":38}},"3":{"start":{"line":6,"column":16},"end":{"line":6,"column":34}},"4":{"start":{"line":7,"column":17},"end":{"line":7,"column":42}},"5":{"start":{"line":8,"column":12},"end":{"line":8,"column":49}},"6":{"start":{"line":9,"column":15},"end":{"line":9,"column":63}},"7":{"start":{"line":10,"column":11},"end":{"line":10,"column":13}},"8":{"start":{"line":13,"column":0},"end":{"line":17,"column":1}},"9":{"start":{"line":14,"column":2},"end":{"line":14,"column":74}},"10":{"start":{"line":16,"column":2},"end":{"line":16,"column":87}},"11":{"start":{"line":19,"column":0},"end":{"line":32,"column":5}},"12":{"start":{"line":22,"column":4},"end":{"line":27,"column":6}},"13":{"start":{"line":30,"column":18},"end":{"line":30,"column":85}},"14":{"start":{"line":31,"column":4},"end":{"line":31,"column":27}},"15":{"start":{"line":34,"column":0},"end":{"line":38,"column":3}},"16":{"start":{"line":35,"column":2},"end":{"line":37,"column":3}},"17":{"start":{"line":36,"column":4},"end":{"line":36,"column":32}},"18":{"start":{"line":40,"column":0},"end":{"line":40,"column":25}},"19":{"start":{"line":41,"column":0},"end":{"line":41,"column":25}},"20":{"start":{"line":43,"column":0},"end":{"line":43,"column":20}}},"fnMap":{"0":{"name":"(anonymous_0)","decl":{"start":{"line":21,"column":10},"end":{"line":21,"column":11}},"loc":{"start":{"line":21,"column":18},"end":{"line":28,"column":3}},"line":21},"1":{"name":"(anonymous_1)","decl":{"start":{"line":29,"column":11},"end":{"line":29,"column":12}},"loc":{"start":{"line":29,"column":19},"end":{"line":32,"column":3}},"line":29},"2":{"name":"(anonymous_2)","decl":{"start":{"line":34,"column":24},"end":{"line":34,"column":25}},"loc":{"start":{"line":34,"column":37},"end":{"line":38,"column":1}},"line":34}},"branchMap":{"0":{"loc":{"start":{"line":8,"column":12},"end":{"line":8,"column":49}},"type":"binary-expr","locations":[{"start":{"line":8,"column":12},"end":{"line":8,"column":32}},{"start":{"line":8,"column":36},"end":{"line":8,"column":49}}],"line":8},"1":{"loc":{"start":{"line":13,"column":0},"end":{"line":17,"column":1}},"type":"if","locations":[{"start":{"line":13,"column":0},"end":{"line":17,"column":1}},{"start":{"line":15,"column":7},"end":{"line":17,"column":1}}],"line":13},"2":{"loc":{"start":{"line":23,"column":6},"end":{"line":26,"column":37}},"type":"binary-expr","locations":[{"start":{"line":23,"column":6},"end":{"line":23,"column":29}},{"start":{"line":24,"column":6},"end":{"line":24,"column":23}},{"start":{"line":25,"column":6},"end":{"line":25,"column":30}},{"start":{"line":26,"column":6},"end":{"line":26,"column":37}}],"line":23},"3":{"loc":{"start":{"line":35,"column":2},"end":{"line":37,"column":3}},"type":"if","locations":[{"start":{"line":35,"column":2},"end":{"line":37,"column":3}},{"start":{},"end":{}}],"line":35}},"s":{"0":5,"1":5,"2":5,"3":5,"4":5,"5":5,"6":5,"7":5,"8":5,"9":0,"10":5,"11":5,"12":30,"13":25,"14":25,"15":5,"16":25,"17":25,"18":5,"19":5,"20":5},"f":{"0":30,"1":25,"2":25},"b":{"0":[5,0],"1":[0,5],"2":[30,30,25,25],"3":[25,0]},"_coverageSchema":"1a1c01bbd47fc00a2c39e90264f33305004495a9","hash":"1c6ba51a257f93907d7ee317f5db95847fc096bc"}
,"/Users/eliseolopez/Desktop/backend-software/backend-software/src/models/users.js": {"path":"/Users/eliseolopez/Desktop/backend-software/backend-software/src/models/users.js","statementMap":{"0":{"start":{"line":4,"column":4},"end":{"line":4,"column":24}},"1":{"start":{"line":5,"column":0},"end":{"line":33,"column":2}},"2":{"start":{"line":14,"column":6},"end":{"line":16,"column":8}},"3":{"start":{"line":17,"column":6},"end":{"line":19,"column":9}},"4":{"start":{"line":22,"column":2},"end":{"line":31,"column":5}},"5":{"start":{"line":32,"column":2},"end":{"line":32,"column":15}}},"fnMap":{"0":{"name":"(anonymous_0)","decl":{"start":{"line":5,"column":17},"end":{"line":5,"column":18}},"loc":{"start":{"line":5,"column":43},"end":{"line":33,"column":1}},"line":5},"1":{"name":"(anonymous_1)","decl":{"start":{"line":12,"column":4},"end":{"line":12,"column":5}},"loc":{"start":{"line":12,"column":29},"end":{"line":20,"column":5}},"line":12}},"branchMap":{},"s":{"0":5,"1":5,"2":5,"3":5,"4":5,"5":5},"f":{"0":5,"1":5},"b":{},"_coverageSchema":"1a1c01bbd47fc00a2c39e90264f33305004495a9","hash":"09d36ec650bab151f1bf35e6df1d637364a0e5ed"}
,"/Users/eliseolopez/Desktop/backend-software/backend-software/src/routes/availabilities.js": {"path":"/Users/eliseolopez/Desktop/backend-software/backend-software/src/routes/availabilities.js","statementMap":{"0":{"start":{"line":1,"column":15},"end":{"line":1,"column":36}},"1":{"start":{"line":2,"column":15},"end":{"line":2,"column":27}},"2":{"start":{"line":3,"column":42},"end":{"line":3,"column":62}},"3":{"start":{"line":6,"column":0},"end":{"line":14,"column":5}},"4":{"start":{"line":7,"column":4},"end":{"line":13,"column":5}},"5":{"start":{"line":8,"column":29},"end":{"line":8,"column":59}},"6":{"start":{"line":9,"column":6},"end":{"line":9,"column":32}},"7":{"start":{"line":11,"column":6},"end":{"line":11,"column":23}},"8":{"start":{"line":12,"column":6},"end":{"line":12,"column":56}},"9":{"start":{"line":18,"column":0},"end":{"line":33,"column":5}},"10":{"start":{"line":19,"column":4},"end":{"line":32,"column":5}},"11":{"start":{"line":21,"column":26},"end":{"line":26,"column":8}},"12":{"start":{"line":27,"column":6},"end":{"line":27,"column":29}},"13":{"start":{"line":29,"column":6},"end":{"line":29,"column":27}},"14":{"start":{"line":30,"column":6},"end":{"line":30,"column":23}},"15":{"start":{"line":31,"column":6},"end":{"line":31,"column":27}},"16":{"start":{"line":36,"column":0},"end":{"line":50,"column":5}},"17":{"start":{"line":37,"column":4},"end":{"line":49,"column":5}},"18":{"start":{"line":38,"column":27},"end":{"line":38,"column":71}},"19":{"start":{"line":39,"column":6},"end":{"line":44,"column":7}},"20":{"start":{"line":40,"column":8},"end":{"line":40,"column":25}},"21":{"start":{"line":41,"column":8},"end":{"line":41,"column":55}},"22":{"start":{"line":43,"column":8},"end":{"line":43,"column":32}},"23":{"start":{"line":46,"column":8},"end":{"line":46,"column":29}},"24":{"start":{"line":47,"column":6},"end":{"line":47,"column":23}},"25":{"start":{"line":48,"column":6},"end":{"line":48,"column":51}},"26":{"start":{"line":53,"column":0},"end":{"line":74,"column":5}},"27":{"start":{"line":54,"column":4},"end":{"line":73,"column":5}},"28":{"start":{"line":55,"column":34},"end":{"line":55,"column":78}},"29":{"start":{"line":56,"column":6},"end":{"line":68,"column":7}},"30":{"start":{"line":57,"column":8},"end":{"line":57,"column":25}},"31":{"start":{"line":58,"column":8},"end":{"line":58,"column":55}},"32":{"start":{"line":60,"column":58},"end":{"line":60,"column":74}},"33":{"start":{"line":61,"column":8},"end":{"line":66,"column":11}},"34":{"start":{"line":67,"column":8},"end":{"line":67,"column":39}},"35":{"start":{"line":70,"column":8},"end":{"line":70,"column":29}},"36":{"start":{"line":71,"column":6},"end":{"line":71,"column":23}},"37":{"start":{"line":72,"column":6},"end":{"line":72,"column":47}},"38":{"start":{"line":77,"column":0},"end":{"line":92,"column":5}},"39":{"start":{"line":78,"column":4},"end":{"line":91,"column":5}},"40":{"start":{"line":79,"column":27},"end":{"line":79,"column":71}},"41":{"start":{"line":80,"column":6},"end":{"line":86,"column":7}},"42":{"start":{"line":81,"column":8},"end":{"line":81,"column":25}},"43":{"start":{"line":82,"column":8},"end":{"line":82,"column":55}},"44":{"start":{"line":84,"column":8},"end":{"line":84,"column":37}},"45":{"start":{"line":85,"column":8},"end":{"line":85,"column":55}},"46":{"start":{"line":88,"column":5},"end":{"line":88,"column":25}},"47":{"start":{"line":89,"column":6},"end":{"line":89,"column":23}},"48":{"start":{"line":90,"column":6},"end":{"line":90,"column":36}},"49":{"start":{"line":94,"column":0},"end":{"line":94,"column":24}}},"fnMap":{"0":{"name":"(anonymous_0)","decl":{"start":{"line":6,"column":35},"end":{"line":6,"column":36}},"loc":{"start":{"line":6,"column":50},"end":{"line":14,"column":3}},"line":6},"1":{"name":"(anonymous_1)","decl":{"start":{"line":18,"column":42},"end":{"line":18,"column":43}},"loc":{"start":{"line":18,"column":57},"end":{"line":33,"column":3}},"line":18},"2":{"name":"(anonymous_2)","decl":{"start":{"line":36,"column":38},"end":{"line":36,"column":39}},"loc":{"start":{"line":36,"column":53},"end":{"line":50,"column":3}},"line":36},"3":{"name":"(anonymous_3)","decl":{"start":{"line":53,"column":46},"end":{"line":53,"column":47}},"loc":{"start":{"line":53,"column":61},"end":{"line":74,"column":3}},"line":53},"4":{"name":"(anonymous_4)","decl":{"start":{"line":77,"column":48},"end":{"line":77,"column":49}},"loc":{"start":{"line":77,"column":63},"end":{"line":92,"column":3}},"line":77}},"branchMap":{"0":{"loc":{"start":{"line":39,"column":6},"end":{"line":44,"column":7}},"type":"if","locations":[{"start":{"line":39,"column":6},"end":{"line":44,"column":7}},{"start":{"line":42,"column":13},"end":{"line":44,"column":7}}],"line":39},"1":{"loc":{"start":{"line":56,"column":6},"end":{"line":68,"column":7}},"type":"if","locations":[{"start":{"line":56,"column":6},"end":{"line":68,"column":7}},{"start":{"line":59,"column":13},"end":{"line":68,"column":7}}],"line":56},"2":{"loc":{"start":{"line":80,"column":6},"end":{"line":86,"column":7}},"type":"if","locations":[{"start":{"line":80,"column":6},"end":{"line":86,"column":7}},{"start":{"line":83,"column":13},"end":{"line":86,"column":7}}],"line":80}},"s":{"0":5,"1":5,"2":5,"3":5,"4":1,"5":1,"6":1,"7":0,"8":0,"9":5,"10":0,"11":0,"12":0,"13":0,"14":0,"15":0,"16":5,"17":1,"18":1,"19":1,"20":0,"21":0,"22":1,"23":0,"24":0,"25":0,"26":5,"27":1,"28":1,"29":1,"30":0,"31":0,"32":1,"33":1,"34":1,"35":0,"36":0,"37":0,"38":5,"39":1,"40":1,"41":1,"42":0,"43":0,"44":1,"45":1,"46":0,"47":0,"48":0,"49":5},"f":{"0":1,"1":0,"2":1,"3":1,"4":1},"b":{"0":[0,1],"1":[0,1],"2":[0,1]},"_coverageSchema":"1a1c01bbd47fc00a2c39e90264f33305004495a9","hash":"bc491049efbcade5a29f6f1976a536f805d1d436"}
,"/Users/eliseolopez/Desktop/backend-software/backend-software/src/routes/bookings.js": {"path":"/Users/eliseolopez/Desktop/backend-software/backend-software/src/routes/bookings.js","statementMap":{"0":{"start":{"line":1,"column":15},"end":{"line":1,"column":36}},"1":{"start":{"line":2,"column":15},"end":{"line":2,"column":27}},"2":{"start":{"line":3,"column":29},"end":{"line":3,"column":49}},"3":{"start":{"line":6,"column":0},"end":{"line":15,"column":5}},"4":{"start":{"line":7,"column":4},"end":{"line":14,"column":5}},"5":{"start":{"line":8,"column":23},"end":{"line":8,"column":47}},"6":{"start":{"line":9,"column":6},"end":{"line":9,"column":26}},"7":{"start":{"line":11,"column":8},"end":{"line":11,"column":29}},"8":{"start":{"line":12,"column":6},"end":{"line":12,"column":23}},"9":{"start":{"line":13,"column":6},"end":{"line":13,"column":50}},"10":{"start":{"line":19,"column":0},"end":{"line":32,"column":5}},"11":{"start":{"line":20,"column":4},"end":{"line":31,"column":5}},"12":{"start":{"line":21,"column":22},"end":{"line":26,"column":8}},"13":{"start":{"line":27,"column":6},"end":{"line":27,"column":25}},"14":{"start":{"line":29,"column":6},"end":{"line":29,"column":23}},"15":{"start":{"line":30,"column":6},"end":{"line":30,"column":27}},"16":{"start":{"line":35,"column":0},"end":{"line":49,"column":5}},"17":{"start":{"line":36,"column":4},"end":{"line":48,"column":5}},"18":{"start":{"line":37,"column":22},"end":{"line":37,"column":60}},"19":{"start":{"line":38,"column":6},"end":{"line":43,"column":7}},"20":{"start":{"line":39,"column":8},"end":{"line":39,"column":25}},"21":{"start":{"line":40,"column":8},"end":{"line":40,"column":50}},"22":{"start":{"line":42,"column":8},"end":{"line":42,"column":27}},"23":{"start":{"line":45,"column":8},"end":{"line":45,"column":29}},"24":{"start":{"line":46,"column":6},"end":{"line":46,"column":23}},"25":{"start":{"line":47,"column":6},"end":{"line":47,"column":53}},"26":{"start":{"line":52,"column":0},"end":{"line":73,"column":5}},"27":{"start":{"line":53,"column":4},"end":{"line":72,"column":5}},"28":{"start":{"line":54,"column":20},"end":{"line":54,"column":58}},"29":{"start":{"line":55,"column":6},"end":{"line":67,"column":7}},"30":{"start":{"line":56,"column":8},"end":{"line":56,"column":25}},"31":{"start":{"line":57,"column":8},"end":{"line":57,"column":48}},"32":{"start":{"line":59,"column":62},"end":{"line":59,"column":78}},"33":{"start":{"line":60,"column":8},"end":{"line":65,"column":11}},"34":{"start":{"line":66,"column":8},"end":{"line":66,"column":25}},"35":{"start":{"line":69,"column":8},"end":{"line":69,"column":29}},"36":{"start":{"line":70,"column":6},"end":{"line":70,"column":23}},"37":{"start":{"line":71,"column":6},"end":{"line":71,"column":47}},"38":{"start":{"line":76,"column":0},"end":{"line":91,"column":5}},"39":{"start":{"line":77,"column":4},"end":{"line":90,"column":5}},"40":{"start":{"line":78,"column":22},"end":{"line":78,"column":60}},"41":{"start":{"line":79,"column":6},"end":{"line":85,"column":7}},"42":{"start":{"line":80,"column":8},"end":{"line":80,"column":25}},"43":{"start":{"line":81,"column":8},"end":{"line":81,"column":50}},"44":{"start":{"line":83,"column":8},"end":{"line":83,"column":32}},"45":{"start":{"line":84,"column":8},"end":{"line":84,"column":50}},"46":{"start":{"line":87,"column":5},"end":{"line":87,"column":25}},"47":{"start":{"line":88,"column":6},"end":{"line":88,"column":23}},"48":{"start":{"line":89,"column":6},"end":{"line":89,"column":36}},"49":{"start":{"line":93,"column":0},"end":{"line":93,"column":24}}},"fnMap":{"0":{"name":"(anonymous_0)","decl":{"start":{"line":6,"column":29},"end":{"line":6,"column":30}},"loc":{"start":{"line":6,"column":44},"end":{"line":15,"column":3}},"line":6},"1":{"name":"(anonymous_1)","decl":{"start":{"line":19,"column":36},"end":{"line":19,"column":37}},"loc":{"start":{"line":19,"column":51},"end":{"line":32,"column":3}},"line":19},"2":{"name":"(anonymous_2)","decl":{"start":{"line":35,"column":32},"end":{"line":35,"column":33}},"loc":{"start":{"line":35,"column":47},"end":{"line":49,"column":3}},"line":35},"3":{"name":"(anonymous_3)","decl":{"start":{"line":52,"column":40},"end":{"line":52,"column":41}},"loc":{"start":{"line":52,"column":55},"end":{"line":73,"column":3}},"line":52},"4":{"name":"(anonymous_4)","decl":{"start":{"line":76,"column":42},"end":{"line":76,"column":43}},"loc":{"start":{"line":76,"column":57},"end":{"line":91,"column":3}},"line":76}},"branchMap":{"0":{"loc":{"start":{"line":38,"column":6},"end":{"line":43,"column":7}},"type":"if","locations":[{"start":{"line":38,"column":6},"end":{"line":43,"column":7}},{"start":{"line":41,"column":13},"end":{"line":43,"column":7}}],"line":38},"1":{"loc":{"start":{"line":55,"column":6},"end":{"line":67,"column":7}},"type":"if","locations":[{"start":{"line":55,"column":6},"end":{"line":67,"column":7}},{"start":{"line":58,"column":13},"end":{"line":67,"column":7}}],"line":55},"2":{"loc":{"start":{"line":79,"column":6},"end":{"line":85,"column":7}},"type":"if","locations":[{"start":{"line":79,"column":6},"end":{"line":85,"column":7}},{"start":{"line":82,"column":13},"end":{"line":85,"column":7}}],"line":79}},"s":{"0":5,"1":5,"2":5,"3":5,"4":1,"5":1,"6":1,"7":0,"8":0,"9":0,"10":5,"11":1,"12":1,"13":1,"14":0,"15":0,"16":5,"17":1,"18":1,"19":1,"20":0,"21":0,"22":1,"23":0,"24":0,"25":0,"26":5,"27":1,"28":1,"29":1,"30":0,"31":0,"32":1,"33":1,"34":1,"35":0,"36":0,"37":0,"38":5,"39":1,"40":1,"41":1,"42":0,"43":0,"44":1,"45":1,"46":0,"47":0,"48":0,"49":5},"f":{"0":1,"1":1,"2":1,"3":1,"4":1},"b":{"0":[0,1],"1":[0,1],"2":[0,1]},"_coverageSchema":"1a1c01bbd47fc00a2c39e90264f33305004495a9","hash":"36a3b1f6ee8d4f9479fbaf543b669dc2f93aad9e"}
,"/Users/eliseolopez/Desktop/backend-software/backend-software/src/routes/enclousures.js": {"path":"/Users/eliseolopez/Desktop/backend-software/backend-software/src/routes/enclousures.js","statementMap":{"0":{"start":{"line":1,"column":15},"end":{"line":1,"column":36}},"1":{"start":{"line":2,"column":15},"end":{"line":2,"column":27}},"2":{"start":{"line":3,"column":31},"end":{"line":3,"column":51}},"3":{"start":{"line":9,"column":0},"end":{"line":28,"column":3}},"4":{"start":{"line":10,"column":2},"end":{"line":27,"column":3}},"5":{"start":{"line":12,"column":18},"end":{"line":12,"column":41}},"6":{"start":{"line":13,"column":4},"end":{"line":13,"column":23}},"7":{"start":{"line":14,"column":23},"end":{"line":22,"column":6}},"8":{"start":{"line":23,"column":4},"end":{"line":23,"column":26}},"9":{"start":{"line":25,"column":4},"end":{"line":25,"column":21}},"10":{"start":{"line":26,"column":4},"end":{"line":26,"column":56}},"11":{"start":{"line":32,"column":0},"end":{"line":40,"column":3}},"12":{"start":{"line":33,"column":2},"end":{"line":39,"column":3}},"13":{"start":{"line":34,"column":24},"end":{"line":34,"column":51}},"14":{"start":{"line":35,"column":4},"end":{"line":35,"column":27}},"15":{"start":{"line":37,"column":4},"end":{"line":37,"column":21}},"16":{"start":{"line":38,"column":4},"end":{"line":38,"column":59}},"17":{"start":{"line":44,"column":0},"end":{"line":58,"column":3}},"18":{"start":{"line":45,"column":2},"end":{"line":57,"column":3}},"19":{"start":{"line":46,"column":23},"end":{"line":46,"column":64}},"20":{"start":{"line":48,"column":4},"end":{"line":53,"column":5}},"21":{"start":{"line":49,"column":6},"end":{"line":49,"column":23}},"22":{"start":{"line":50,"column":6},"end":{"line":50,"column":51}},"23":{"start":{"line":52,"column":6},"end":{"line":52,"column":28}},"24":{"start":{"line":55,"column":4},"end":{"line":55,"column":21}},"25":{"start":{"line":56,"column":4},"end":{"line":56,"column":58}},"26":{"start":{"line":62,"column":0},"end":{"line":84,"column":3}},"27":{"start":{"line":63,"column":2},"end":{"line":83,"column":3}},"28":{"start":{"line":64,"column":23},"end":{"line":64,"column":64}},"29":{"start":{"line":65,"column":4},"end":{"line":79,"column":5}},"30":{"start":{"line":66,"column":6},"end":{"line":66,"column":23}},"31":{"start":{"line":67,"column":6},"end":{"line":67,"column":51}},"32":{"start":{"line":69,"column":75},"end":{"line":69,"column":91}},"33":{"start":{"line":70,"column":6},"end":{"line":77,"column":9}},"34":{"start":{"line":78,"column":6},"end":{"line":78,"column":28}},"35":{"start":{"line":81,"column":4},"end":{"line":81,"column":21}},"36":{"start":{"line":82,"column":4},"end":{"line":82,"column":56}},"37":{"start":{"line":89,"column":0},"end":{"line":103,"column":3}},"38":{"start":{"line":90,"column":2},"end":{"line":102,"column":3}},"39":{"start":{"line":91,"column":23},"end":{"line":91,"column":64}},"40":{"start":{"line":92,"column":4},"end":{"line":98,"column":5}},"41":{"start":{"line":93,"column":6},"end":{"line":93,"column":23}},"42":{"start":{"line":94,"column":6},"end":{"line":94,"column":51}},"43":{"start":{"line":96,"column":6},"end":{"line":96,"column":33}},"44":{"start":{"line":97,"column":6},"end":{"line":97,"column":64}},"45":{"start":{"line":100,"column":4},"end":{"line":100,"column":21}},"46":{"start":{"line":101,"column":4},"end":{"line":101,"column":56}},"47":{"start":{"line":108,"column":0},"end":{"line":108,"column":24}}},"fnMap":{"0":{"name":"(anonymous_0)","decl":{"start":{"line":9,"column":39},"end":{"line":9,"column":40}},"loc":{"start":{"line":9,"column":54},"end":{"line":28,"column":1}},"line":9},"1":{"name":"(anonymous_1)","decl":{"start":{"line":32,"column":32},"end":{"line":32,"column":33}},"loc":{"start":{"line":32,"column":47},"end":{"line":40,"column":1}},"line":32},"2":{"name":"(anonymous_2)","decl":{"start":{"line":44,"column":35},"end":{"line":44,"column":36}},"loc":{"start":{"line":44,"column":50},"end":{"line":58,"column":1}},"line":44},"3":{"name":"(anonymous_3)","decl":{"start":{"line":62,"column":43},"end":{"line":62,"column":44}},"loc":{"start":{"line":62,"column":58},"end":{"line":84,"column":1}},"line":62},"4":{"name":"(anonymous_4)","decl":{"start":{"line":89,"column":45},"end":{"line":89,"column":46}},"loc":{"start":{"line":89,"column":60},"end":{"line":103,"column":1}},"line":89}},"branchMap":{"0":{"loc":{"start":{"line":48,"column":4},"end":{"line":53,"column":5}},"type":"if","locations":[{"start":{"line":48,"column":4},"end":{"line":53,"column":5}},{"start":{"line":51,"column":11},"end":{"line":53,"column":5}}],"line":48},"1":{"loc":{"start":{"line":65,"column":4},"end":{"line":79,"column":5}},"type":"if","locations":[{"start":{"line":65,"column":4},"end":{"line":79,"column":5}},{"start":{"line":68,"column":11},"end":{"line":79,"column":5}}],"line":65},"2":{"loc":{"start":{"line":92,"column":4},"end":{"line":98,"column":5}},"type":"if","locations":[{"start":{"line":92,"column":4},"end":{"line":98,"column":5}},{"start":{"line":95,"column":11},"end":{"line":98,"column":5}}],"line":92}},"s":{"0":5,"1":5,"2":5,"3":5,"4":0,"5":0,"6":0,"7":0,"8":0,"9":0,"10":0,"11":5,"12":1,"13":1,"14":1,"15":0,"16":0,"17":5,"18":1,"19":1,"20":1,"21":0,"22":0,"23":1,"24":0,"25":0,"26":5,"27":1,"28":1,"29":1,"30":0,"31":0,"32":1,"33":1,"34":1,"35":0,"36":0,"37":5,"38":1,"39":1,"40":1,"41":0,"42":0,"43":1,"44":1,"45":0,"46":0,"47":5},"f":{"0":0,"1":1,"2":1,"3":1,"4":1},"b":{"0":[0,1],"1":[0,1],"2":[0,1]},"_coverageSchema":"1a1c01bbd47fc00a2c39e90264f33305004495a9","hash":"068a24bc65a054f5741b32f6e0038ca82ee7d353"}
,"/Users/eliseolopez/Desktop/backend-software/backend-software/src/routes/fields.js": {"path":"/Users/eliseolopez/Desktop/backend-software/backend-software/src/routes/fields.js","statementMap":{"0":{"start":{"line":1,"column":15},"end":{"line":1,"column":36}},"1":{"start":{"line":2,"column":15},"end":{"line":2,"column":27}},"2":{"start":{"line":3,"column":39},"end":{"line":3,"column":59}},"3":{"start":{"line":6,"column":0},"end":{"line":15,"column":5}},"4":{"start":{"line":7,"column":4},"end":{"line":14,"column":5}},"5":{"start":{"line":8,"column":21},"end":{"line":8,"column":43}},"6":{"start":{"line":10,"column":6},"end":{"line":10,"column":24}},"7":{"start":{"line":12,"column":6},"end":{"line":12,"column":23}},"8":{"start":{"line":13,"column":6},"end":{"line":13,"column":48}},"9":{"start":{"line":19,"column":0},"end":{"line":37,"column":5}},"10":{"start":{"line":20,"column":4},"end":{"line":36,"column":5}},"11":{"start":{"line":22,"column":20},"end":{"line":22,"column":43}},"12":{"start":{"line":24,"column":6},"end":{"line":24,"column":25}},"13":{"start":{"line":25,"column":20},"end":{"line":31,"column":8}},"14":{"start":{"line":32,"column":6},"end":{"line":32,"column":23}},"15":{"start":{"line":34,"column":6},"end":{"line":34,"column":23}},"16":{"start":{"line":35,"column":6},"end":{"line":35,"column":27}},"17":{"start":{"line":40,"column":0},"end":{"line":54,"column":5}},"18":{"start":{"line":41,"column":4},"end":{"line":53,"column":5}},"19":{"start":{"line":42,"column":20},"end":{"line":42,"column":56}},"20":{"start":{"line":43,"column":6},"end":{"line":48,"column":7}},"21":{"start":{"line":44,"column":8},"end":{"line":44,"column":25}},"22":{"start":{"line":45,"column":8},"end":{"line":45,"column":48}},"23":{"start":{"line":47,"column":8},"end":{"line":47,"column":25}},"24":{"start":{"line":50,"column":8},"end":{"line":50,"column":29}},"25":{"start":{"line":51,"column":6},"end":{"line":51,"column":23}},"26":{"start":{"line":52,"column":6},"end":{"line":52,"column":51}},"27":{"start":{"line":57,"column":0},"end":{"line":79,"column":5}},"28":{"start":{"line":58,"column":4},"end":{"line":78,"column":5}},"29":{"start":{"line":59,"column":20},"end":{"line":59,"column":56}},"30":{"start":{"line":60,"column":6},"end":{"line":73,"column":7}},"31":{"start":{"line":61,"column":8},"end":{"line":61,"column":25}},"32":{"start":{"line":62,"column":8},"end":{"line":62,"column":48}},"33":{"start":{"line":64,"column":79},"end":{"line":64,"column":95}},"34":{"start":{"line":65,"column":8},"end":{"line":71,"column":11}},"35":{"start":{"line":72,"column":8},"end":{"line":72,"column":25}},"36":{"start":{"line":75,"column":8},"end":{"line":75,"column":29}},"37":{"start":{"line":76,"column":6},"end":{"line":76,"column":23}},"38":{"start":{"line":77,"column":6},"end":{"line":77,"column":47}},"39":{"start":{"line":82,"column":0},"end":{"line":97,"column":5}},"40":{"start":{"line":83,"column":4},"end":{"line":96,"column":5}},"41":{"start":{"line":84,"column":20},"end":{"line":84,"column":56}},"42":{"start":{"line":85,"column":6},"end":{"line":91,"column":7}},"43":{"start":{"line":86,"column":8},"end":{"line":86,"column":25}},"44":{"start":{"line":87,"column":8},"end":{"line":87,"column":48}},"45":{"start":{"line":89,"column":8},"end":{"line":89,"column":30}},"46":{"start":{"line":90,"column":8},"end":{"line":90,"column":48}},"47":{"start":{"line":93,"column":5},"end":{"line":93,"column":25}},"48":{"start":{"line":94,"column":6},"end":{"line":94,"column":23}},"49":{"start":{"line":95,"column":6},"end":{"line":95,"column":36}},"50":{"start":{"line":99,"column":0},"end":{"line":99,"column":24}}},"fnMap":{"0":{"name":"(anonymous_0)","decl":{"start":{"line":6,"column":27},"end":{"line":6,"column":28}},"loc":{"start":{"line":6,"column":42},"end":{"line":15,"column":3}},"line":6},"1":{"name":"(anonymous_1)","decl":{"start":{"line":19,"column":34},"end":{"line":19,"column":35}},"loc":{"start":{"line":19,"column":49},"end":{"line":37,"column":3}},"line":19},"2":{"name":"(anonymous_2)","decl":{"start":{"line":40,"column":30},"end":{"line":40,"column":31}},"loc":{"start":{"line":40,"column":45},"end":{"line":54,"column":3}},"line":40},"3":{"name":"(anonymous_3)","decl":{"start":{"line":57,"column":38},"end":{"line":57,"column":39}},"loc":{"start":{"line":57,"column":53},"end":{"line":79,"column":3}},"line":57},"4":{"name":"(anonymous_4)","decl":{"start":{"line":82,"column":40},"end":{"line":82,"column":41}},"loc":{"start":{"line":82,"column":55},"end":{"line":97,"column":3}},"line":82}},"branchMap":{"0":{"loc":{"start":{"line":43,"column":6},"end":{"line":48,"column":7}},"type":"if","locations":[{"start":{"line":43,"column":6},"end":{"line":48,"column":7}},{"start":{"line":46,"column":13},"end":{"line":48,"column":7}}],"line":43},"1":{"loc":{"start":{"line":60,"column":6},"end":{"line":73,"column":7}},"type":"if","locations":[{"start":{"line":60,"column":6},"end":{"line":73,"column":7}},{"start":{"line":63,"column":13},"end":{"line":73,"column":7}}],"line":60},"2":{"loc":{"start":{"line":85,"column":6},"end":{"line":91,"column":7}},"type":"if","locations":[{"start":{"line":85,"column":6},"end":{"line":91,"column":7}},{"start":{"line":88,"column":13},"end":{"line":91,"column":7}}],"line":85}},"s":{"0":5,"1":5,"2":5,"3":5,"4":1,"5":1,"6":1,"7":0,"8":0,"9":5,"10":1,"11":1,"12":1,"13":1,"14":1,"15":0,"16":0,"17":5,"18":1,"19":1,"20":1,"21":0,"22":0,"23":1,"24":0,"25":0,"26":0,"27":5,"28":1,"29":1,"30":1,"31":0,"32":0,"33":1,"34":1,"35":1,"36":0,"37":0,"38":0,"39":5,"40":1,"41":1,"42":1,"43":0,"44":0,"45":1,"46":1,"47":0,"48":0,"49":0,"50":5},"f":{"0":1,"1":1,"2":1,"3":1,"4":1},"b":{"0":[0,1],"1":[0,1],"2":[0,1]},"_coverageSchema":"1a1c01bbd47fc00a2c39e90264f33305004495a9","hash":"2cf205ee0ddaa3097fa2982efd9cb225fe690f3e"}
,"/Users/eliseolopez/Desktop/backend-software/backend-software/src/routes/users.js": {"path":"/Users/eliseolopez/Desktop/backend-software/backend-software/src/routes/users.js","statementMap":{"0":{"start":{"line":5,"column":15},"end":{"line":5,"column":36}},"1":{"start":{"line":7,"column":15},"end":{"line":7,"column":27}},"2":{"start":{"line":9,"column":16},"end":{"line":9,"column":36}},"3":{"start":{"line":14,"column":0},"end":{"line":28,"column":3}},"4":{"start":{"line":15,"column":2},"end":{"line":27,"column":3}},"5":{"start":{"line":16,"column":17},"end":{"line":22,"column":6}},"6":{"start":{"line":23,"column":4},"end":{"line":23,"column":20}},"7":{"start":{"line":25,"column":4},"end":{"line":25,"column":21}},"8":{"start":{"line":26,"column":4},"end":{"line":26,"column":50}},"9":{"start":{"line":32,"column":0},"end":{"line":40,"column":3}},"10":{"start":{"line":33,"column":2},"end":{"line":39,"column":3}},"11":{"start":{"line":34,"column":18},"end":{"line":34,"column":39}},"12":{"start":{"line":35,"column":4},"end":{"line":35,"column":21}},"13":{"start":{"line":37,"column":4},"end":{"line":37,"column":21}},"14":{"start":{"line":38,"column":4},"end":{"line":38,"column":59}},"15":{"start":{"line":43,"column":0},"end":{"line":56,"column":3}},"16":{"start":{"line":44,"column":2},"end":{"line":55,"column":3}},"17":{"start":{"line":45,"column":17},"end":{"line":45,"column":52}},"18":{"start":{"line":46,"column":4},"end":{"line":51,"column":5}},"19":{"start":{"line":47,"column":6},"end":{"line":47,"column":23}},"20":{"start":{"line":48,"column":6},"end":{"line":48,"column":45}},"21":{"start":{"line":50,"column":6},"end":{"line":50,"column":22}},"22":{"start":{"line":53,"column":4},"end":{"line":53,"column":21}},"23":{"start":{"line":54,"column":4},"end":{"line":54,"column":52}},"24":{"start":{"line":60,"column":0},"end":{"line":81,"column":3}},"25":{"start":{"line":61,"column":2},"end":{"line":80,"column":3}},"26":{"start":{"line":62,"column":17},"end":{"line":62,"column":52}},"27":{"start":{"line":63,"column":4},"end":{"line":76,"column":5}},"28":{"start":{"line":64,"column":6},"end":{"line":64,"column":23}},"29":{"start":{"line":65,"column":6},"end":{"line":65,"column":45}},"30":{"start":{"line":67,"column":56},"end":{"line":67,"column":72}},"31":{"start":{"line":68,"column":6},"end":{"line":74,"column":9}},"32":{"start":{"line":75,"column":6},"end":{"line":75,"column":22}},"33":{"start":{"line":78,"column":4},"end":{"line":78,"column":21}},"34":{"start":{"line":79,"column":4},"end":{"line":79,"column":50}},"35":{"start":{"line":85,"column":0},"end":{"line":99,"column":3}},"36":{"start":{"line":86,"column":2},"end":{"line":98,"column":3}},"37":{"start":{"line":87,"column":17},"end":{"line":87,"column":52}},"38":{"start":{"line":88,"column":4},"end":{"line":94,"column":5}},"39":{"start":{"line":89,"column":6},"end":{"line":89,"column":23}},"40":{"start":{"line":90,"column":6},"end":{"line":90,"column":45}},"41":{"start":{"line":92,"column":6},"end":{"line":92,"column":27}},"42":{"start":{"line":93,"column":6},"end":{"line":93,"column":58}},"43":{"start":{"line":96,"column":4},"end":{"line":96,"column":21}},"44":{"start":{"line":97,"column":4},"end":{"line":97,"column":50}},"45":{"start":{"line":103,"column":0},"end":{"line":103,"column":24}}},"fnMap":{"0":{"name":"(anonymous_0)","decl":{"start":{"line":14,"column":33},"end":{"line":14,"column":34}},"loc":{"start":{"line":14,"column":48},"end":{"line":28,"column":1}},"line":14},"1":{"name":"(anonymous_1)","decl":{"start":{"line":32,"column":26},"end":{"line":32,"column":27}},"loc":{"start":{"line":32,"column":41},"end":{"line":40,"column":1}},"line":32},"2":{"name":"(anonymous_2)","decl":{"start":{"line":43,"column":29},"end":{"line":43,"column":30}},"loc":{"start":{"line":43,"column":44},"end":{"line":56,"column":1}},"line":43},"3":{"name":"(anonymous_3)","decl":{"start":{"line":60,"column":37},"end":{"line":60,"column":38}},"loc":{"start":{"line":60,"column":52},"end":{"line":81,"column":1}},"line":60},"4":{"name":"(anonymous_4)","decl":{"start":{"line":85,"column":39},"end":{"line":85,"column":40}},"loc":{"start":{"line":85,"column":54},"end":{"line":99,"column":1}},"line":85}},"branchMap":{"0":{"loc":{"start":{"line":46,"column":4},"end":{"line":51,"column":5}},"type":"if","locations":[{"start":{"line":46,"column":4},"end":{"line":51,"column":5}},{"start":{"line":49,"column":11},"end":{"line":51,"column":5}}],"line":46},"1":{"loc":{"start":{"line":63,"column":4},"end":{"line":76,"column":5}},"type":"if","locations":[{"start":{"line":63,"column":4},"end":{"line":76,"column":5}},{"start":{"line":66,"column":11},"end":{"line":76,"column":5}}],"line":63},"2":{"loc":{"start":{"line":88,"column":4},"end":{"line":94,"column":5}},"type":"if","locations":[{"start":{"line":88,"column":4},"end":{"line":94,"column":5}},{"start":{"line":91,"column":11},"end":{"line":94,"column":5}}],"line":88}},"s":{"0":5,"1":5,"2":5,"3":5,"4":1,"5":1,"6":1,"7":0,"8":0,"9":5,"10":1,"11":1,"12":1,"13":0,"14":0,"15":5,"16":1,"17":1,"18":1,"19":0,"20":0,"21":1,"22":0,"23":0,"24":5,"25":1,"26":1,"27":1,"28":0,"29":0,"30":1,"31":1,"32":1,"33":0,"34":0,"35":5,"36":0,"37":0,"38":0,"39":0,"40":0,"41":0,"42":0,"43":0,"44":0,"45":5},"f":{"0":1,"1":1,"2":1,"3":1,"4":0},"b":{"0":[0,1],"1":[0,1],"2":[0,0]},"_coverageSchema":"1a1c01bbd47fc00a2c39e90264f33305004495a9","hash":"0521877db0ca1c943ca3abcf29d8e7ac3fe50a53"}
}
