TN:
SF:src/app.js
FN:17,(anonymous_0)
FN:21,(anonymous_1)
FNF:2
FNH:0
FNDA:0,(anonymous_0)
FNDA:0,(anonymous_1)
DA:1,1
DA:2,1
DA:3,1
DA:4,1
DA:5,1
DA:6,1
DA:8,1
DA:10,1
DA:11,1
DA:13,1
DA:14,1
DA:15,1
DA:17,1
DA:18,0
DA:21,1
DA:22,0
DA:25,1
DA:26,1
LF:18
LH:16
BRF:0
BRH:0
end_of_record
TN:
SF:src/routes.js
FNF:0
FNH:0
DA:1,1
DA:3,1
DA:4,1
DA:5,1
DA:6,1
DA:7,1
DA:9,1
DA:12,1
DA:13,1
DA:14,1
DA:15,1
DA:16,1
DA:21,1
LF:13
LH:13
BRF:0
BRH:0
end_of_record
TN:
SF:src/config/config.js
FNF:0
FNH:0
DA:1,1
DA:2,1
DA:4,1
LF:3
LH:3
BRF:0
BRH:0
end_of_record
TN:
SF:src/models/availabilities.js
FN:5,(anonymous_0)
FN:12,(anonymous_1)
FNF:2
FNH:2
FNDA:1,(anonymous_0)
FNDA:1,(anonymous_1)
DA:4,1
DA:5,1
DA:14,1
DA:18,1
DA:23,1
DA:31,1
LF:6
LH:6
BRF:0
BRH:0
end_of_record
TN:
SF:src/models/bookings.js
FN:5,(anonymous_0)
FN:12,(anonymous_1)
FNF:2
FNH:2
FNDA:1,(anonymous_0)
FNDA:1,(anonymous_1)
DA:4,1
DA:5,1
DA:14,1
DA:18,1
DA:22,1
DA:28,1
DA:34,1
LF:7
LH:7
BRF:0
BRH:0
end_of_record
TN:
SF:src/models/enclousures.js
FN:5,(anonymous_0)
FN:12,(anonymous_1)
FNF:2
FNH:2
FNDA:1,(anonymous_0)
FNDA:1,(anonymous_1)
DA:4,1
DA:5,1
DA:14,1
DA:18,1
DA:23,1
DA:34,1
LF:6
LH:6
BRF:0
BRH:0
end_of_record
TN:
SF:src/models/field.js
FN:5,(anonymous_0)
FN:12,(anonymous_1)
FNF:2
FNH:2
FNDA:1,(anonymous_0)
FNDA:1,(anonymous_1)
DA:4,1
DA:5,1
DA:14,1
DA:18,1
DA:21,1
DA:26,1
DA:35,1
LF:7
LH:7
BRF:0
BRH:0
end_of_record
TN:
SF:src/models/index.js
FN:21,(anonymous_0)
FN:29,(anonymous_1)
FN:34,(anonymous_2)
FNF:3
FNH:3
FNDA:6,(anonymous_0)
FNDA:5,(anonymous_1)
FNDA:5,(anonymous_2)
DA:3,1
DA:4,1
DA:5,1
DA:6,1
DA:7,1
DA:8,1
DA:9,1
DA:10,1
DA:13,1
DA:14,0
DA:16,1
DA:19,1
DA:22,6
DA:30,5
DA:31,5
DA:34,1
DA:35,5
DA:36,5
DA:40,1
DA:41,1
DA:43,1
LF:21
LH:20
BRDA:8,0,0,1
BRDA:8,0,1,0
BRDA:13,1,0,0
BRDA:13,1,1,1
BRDA:23,2,0,6
BRDA:23,2,1,6
BRDA:23,2,2,5
BRDA:23,2,3,5
BRDA:35,3,0,5
BRDA:35,3,1,0
BRF:10
BRH:7
end_of_record
TN:
SF:src/models/users.js
FN:5,(anonymous_0)
FN:12,(anonymous_1)
FNF:2
FNH:2
FNDA:1,(anonymous_0)
FNDA:1,(anonymous_1)
DA:4,1
DA:5,1
DA:14,1
DA:17,1
DA:22,1
DA:32,1
LF:6
LH:6
BRF:0
BRH:0
end_of_record
TN:
SF:src/routes/availabilities.js
FN:6,(anonymous_0)
FN:18,(anonymous_1)
FN:36,(anonymous_2)
FN:53,(anonymous_3)
FN:77,(anonymous_4)
FNF:5
FNH:0
FNDA:0,(anonymous_0)
FNDA:0,(anonymous_1)
FNDA:0,(anonymous_2)
FNDA:0,(anonymous_3)
FNDA:0,(anonymous_4)
DA:1,1
DA:2,1
DA:3,1
DA:6,1
DA:7,0
DA:8,0
DA:9,0
DA:11,0
DA:12,0
DA:18,1
DA:19,0
DA:20,0
DA:21,0
DA:27,0
DA:29,0
DA:30,0
DA:31,0
DA:36,1
DA:37,0
DA:38,0
DA:39,0
DA:40,0
DA:41,0
DA:43,0
DA:46,0
DA:47,0
DA:48,0
DA:53,1
DA:54,0
DA:55,0
DA:56,0
DA:57,0
DA:58,0
DA:60,0
DA:61,0
DA:67,0
DA:70,0
DA:71,0
DA:72,0
DA:77,1
DA:78,0
DA:79,0
DA:80,0
DA:81,0
DA:82,0
DA:84,0
DA:85,0
DA:88,0
DA:89,0
DA:90,0
DA:94,1
LF:51
LH:9
BRDA:39,0,0,0
BRDA:39,0,1,0
BRDA:56,1,0,0
BRDA:56,1,1,0
BRDA:80,2,0,0
BRDA:80,2,1,0
BRF:6
BRH:0
end_of_record
TN:
SF:src/routes/bookings.js
FN:6,(anonymous_0)
FN:20,(anonymous_1)
FN:36,(anonymous_2)
FN:53,(anonymous_3)
FN:77,(anonymous_4)
FNF:5
FNH:0
FNDA:0,(anonymous_0)
FNDA:0,(anonymous_1)
FNDA:0,(anonymous_2)
FNDA:0,(anonymous_3)
FNDA:0,(anonymous_4)
DA:1,1
DA:2,1
DA:3,1
DA:6,1
DA:7,0
DA:8,0
DA:9,0
DA:10,0
DA:12,0
DA:13,0
DA:14,0
DA:20,1
DA:21,0
DA:22,0
DA:28,0
DA:30,0
DA:31,0
DA:36,1
DA:37,0
DA:38,0
DA:39,0
DA:40,0
DA:41,0
DA:43,0
DA:46,0
DA:47,0
DA:48,0
DA:53,1
DA:54,0
DA:55,0
DA:56,0
DA:57,0
DA:58,0
DA:60,0
DA:61,0
DA:67,0
DA:70,0
DA:71,0
DA:72,0
DA:77,1
DA:78,0
DA:79,0
DA:80,0
DA:81,0
DA:82,0
DA:84,0
DA:85,0
DA:88,0
DA:89,0
DA:90,0
DA:94,1
LF:51
LH:9
BRDA:39,0,0,0
BRDA:39,0,1,0
BRDA:56,1,0,0
BRDA:56,1,1,0
BRDA:80,2,0,0
BRDA:80,2,1,0
BRF:6
BRH:0
end_of_record
TN:
SF:src/routes/enclousures.js
FN:9,(anonymous_0)
FN:34,(anonymous_1)
FN:47,(anonymous_2)
FN:65,(anonymous_3)
FN:93,(anonymous_4)
FNF:5
FNH:0
FNDA:0,(anonymous_0)
FNDA:0,(anonymous_1)
FNDA:0,(anonymous_2)
FNDA:0,(anonymous_3)
FNDA:0,(anonymous_4)
DA:1,1
DA:2,1
DA:3,1
DA:9,1
DA:10,0
DA:12,0
DA:13,0
DA:14,0
DA:15,0
DA:24,0
DA:25,0
DA:27,0
DA:28,0
DA:34,1
DA:35,0
DA:36,0
DA:37,0
DA:38,0
DA:40,0
DA:41,0
DA:47,1
DA:48,0
DA:49,0
DA:50,0
DA:51,0
DA:52,0
DA:53,0
DA:55,0
DA:58,0
DA:59,0
DA:65,1
DA:66,0
DA:67,0
DA:68,0
DA:69,0
DA:70,0
DA:71,0
DA:73,0
DA:74,0
DA:82,0
DA:85,0
DA:86,0
DA:93,1
DA:94,0
DA:95,0
DA:96,0
DA:97,0
DA:98,0
DA:99,0
DA:101,0
DA:102,0
DA:105,0
DA:106,0
DA:113,1
LF:54
LH:9
BRDA:51,0,0,0
BRDA:51,0,1,0
BRDA:69,1,0,0
BRDA:69,1,1,0
BRDA:97,2,0,0
BRDA:97,2,1,0
BRF:6
BRH:0
end_of_record
TN:
SF:src/routes/fields.js
FN:6,(anonymous_0)
FN:19,(anonymous_1)
FN:40,(anonymous_2)
FN:57,(anonymous_3)
FN:82,(anonymous_4)
FNF:5
FNH:0
FNDA:0,(anonymous_0)
FNDA:0,(anonymous_1)
FNDA:0,(anonymous_2)
FNDA:0,(anonymous_3)
FNDA:0,(anonymous_4)
DA:1,1
DA:2,1
DA:3,1
DA:6,1
DA:7,0
DA:8,0
DA:9,0
DA:10,0
DA:12,0
DA:13,0
DA:19,1
DA:20,0
DA:22,0
DA:23,0
DA:24,0
DA:25,0
DA:32,0
DA:34,0
DA:35,0
DA:40,1
DA:41,0
DA:42,0
DA:43,0
DA:44,0
DA:45,0
DA:47,0
DA:50,0
DA:51,0
DA:52,0
DA:57,1
DA:58,0
DA:59,0
DA:60,0
DA:61,0
DA:62,0
DA:64,0
DA:65,0
DA:72,0
DA:75,0
DA:76,0
DA:77,0
DA:82,1
DA:83,0
DA:84,0
DA:85,0
DA:86,0
DA:87,0
DA:89,0
DA:90,0
DA:93,0
DA:94,0
DA:95,0
DA:99,1
LF:53
LH:9
BRDA:43,0,0,0
BRDA:43,0,1,0
BRDA:60,1,0,0
BRDA:60,1,1,0
BRDA:85,2,0,0
BRDA:85,2,1,0
BRF:6
BRH:0
end_of_record
TN:
SF:src/routes/users.js
FN:14,(anonymous_0)
FN:33,(anonymous_1)
FN:45,(anonymous_2)
FN:63,(anonymous_3)
FN:89,(anonymous_4)
FNF:5
FNH:0
FNDA:0,(anonymous_0)
FNDA:0,(anonymous_1)
FNDA:0,(anonymous_2)
FNDA:0,(anonymous_3)
FNDA:0,(anonymous_4)
DA:5,1
DA:7,1
DA:9,1
DA:14,1
DA:15,0
DA:16,0
DA:23,0
DA:24,0
DA:26,0
DA:27,0
DA:33,1
DA:34,0
DA:35,0
DA:36,0
DA:37,0
DA:39,0
DA:40,0
DA:45,1
DA:46,0
DA:47,0
DA:48,0
DA:49,0
DA:50,0
DA:51,0
DA:53,0
DA:56,0
DA:57,0
DA:63,1
DA:64,0
DA:65,0
DA:66,0
DA:67,0
DA:68,0
DA:69,0
DA:71,0
DA:72,0
DA:79,0
DA:82,0
DA:83,0
DA:89,1
DA:90,0
DA:91,0
DA:92,0
DA:93,0
DA:94,0
DA:95,0
DA:97,0
DA:98,0
DA:101,0
DA:102,0
DA:108,1
LF:51
LH:9
BRDA:49,0,0,0
BRDA:49,0,1,0
BRDA:67,1,0,0
BRDA:67,1,1,0
BRDA:93,2,0,0
BRDA:93,2,1,0
BRF:6
BRH:0
end_of_record
TN:
SF:test/unit/server.js
FN:5,(anonymous_0)
FN:6,(anonymous_1)
FN:7,(anonymous_2)
FN:15,(anonymous_3)
FN:16,(anonymous_4)
FN:17,(anonymous_5)
FNF:6
FNH:4
FNDA:1,(anonymous_0)
FNDA:1,(anonymous_1)
FNDA:0,(anonymous_2)
FNDA:1,(anonymous_3)
FNDA:1,(anonymous_4)
FNDA:0,(anonymous_5)
DA:1,1
DA:5,1
DA:6,1
DA:7,1
DA:8,0
DA:9,0
DA:10,0
DA:15,1
DA:16,1
DA:17,1
DA:18,0
DA:19,0
LF:12
LH:7
BRF:0
BRH:0
end_of_record
