TN:
SF:src/app.js
FN:17,(anonymous_0)
FNF:1
FNH:1
FNDA:3,(anonymous_0)
DA:1,5
DA:2,5
DA:3,5
DA:4,5
DA:5,5
DA:6,5
DA:8,5
DA:10,5
DA:11,5
DA:13,5
DA:14,5
DA:15,5
DA:17,5
DA:18,3
DA:28,5
LF:15
LH:15
BRF:0
BRH:0
end_of_record
TN:
SF:src/routes.js
FNF:0
FNH:0
DA:1,5
DA:3,5
DA:4,5
DA:5,5
DA:6,5
DA:7,5
DA:9,5
DA:12,5
DA:13,5
DA:14,5
DA:15,5
DA:16,5
DA:21,5
LF:13
LH:13
BRF:0
BRH:0
end_of_record
TN:
SF:src/config/config.js
FNF:0
FNH:0
DA:1,5
DA:2,5
DA:4,5
LF:3
LH:3
BRF:0
BRH:0
end_of_record
TN:
SF:src/models/availabilities.js
FN:5,(anonymous_0)
FN:12,(anonymous_1)
FNF:2
FNH:2
FNDA:5,(anonymous_0)
FNDA:5,(anonymous_1)
DA:4,5
DA:5,5
DA:14,5
DA:18,5
DA:23,5
DA:31,5
LF:6
LH:6
BRF:0
BRH:0
end_of_record
TN:
SF:src/models/bookings.js
FN:5,(anonymous_0)
FN:12,(anonymous_1)
FNF:2
FNH:2
FNDA:5,(anonymous_0)
FNDA:5,(anonymous_1)
DA:4,5
DA:5,5
DA:14,5
DA:18,5
DA:22,5
DA:28,5
DA:34,5
LF:7
LH:7
BRF:0
BRH:0
end_of_record
TN:
SF:src/models/enclousures.js
FN:5,(anonymous_0)
FN:12,(anonymous_1)
FNF:2
FNH:2
FNDA:5,(anonymous_0)
FNDA:5,(anonymous_1)
DA:4,5
DA:5,5
DA:14,5
DA:18,5
DA:23,5
DA:34,5
LF:6
LH:6
BRF:0
BRH:0
end_of_record
TN:
SF:src/models/field.js
FN:5,(anonymous_0)
FN:7,(anonymous_1)
FN:15,(anonymous_2)
FNF:3
FNH:3
FNDA:5,(anonymous_0)
FNDA:3,(anonymous_1)
FNDA:5,(anonymous_2)
DA:4,5
DA:5,5
DA:8,3
DA:17,5
DA:21,5
DA:24,5
DA:29,5
DA:38,5
LF:8
LH:8
BRF:0
BRH:0
end_of_record
TN:
SF:src/models/index.js
FN:21,(anonymous_0)
FN:29,(anonymous_1)
FN:34,(anonymous_2)
FNF:3
FNH:3
FNDA:30,(anonymous_0)
FNDA:25,(anonymous_1)
FNDA:25,(anonymous_2)
DA:3,5
DA:4,5
DA:5,5
DA:6,5
DA:7,5
DA:8,5
DA:9,5
DA:10,5
DA:13,5
DA:14,0
DA:16,5
DA:19,5
DA:22,30
DA:30,25
DA:31,25
DA:34,5
DA:35,25
DA:36,25
DA:40,5
DA:41,5
DA:43,5
LF:21
LH:20
BRDA:8,0,0,5
BRDA:8,0,1,0
BRDA:13,1,0,0
BRDA:13,1,1,5
BRDA:23,2,0,30
BRDA:23,2,1,30
BRDA:23,2,2,25
BRDA:23,2,3,25
BRDA:35,3,0,25
BRDA:35,3,1,0
BRF:10
BRH:7
end_of_record
TN:
SF:src/models/users.js
FN:5,(anonymous_0)
FN:12,(anonymous_1)
FNF:2
FNH:2
FNDA:5,(anonymous_0)
FNDA:5,(anonymous_1)
DA:4,5
DA:5,5
DA:14,5
DA:17,5
DA:22,5
DA:32,5
LF:6
LH:6
BRF:0
BRH:0
end_of_record
TN:
SF:src/routes/availabilities.js
FN:6,(anonymous_0)
FN:18,(anonymous_1)
FN:36,(anonymous_2)
FN:53,(anonymous_3)
FN:77,(anonymous_4)
FNF:5
FNH:4
FNDA:1,(anonymous_0)
FNDA:0,(anonymous_1)
FNDA:1,(anonymous_2)
FNDA:1,(anonymous_3)
FNDA:1,(anonymous_4)
DA:1,5
DA:2,5
DA:3,5
DA:6,5
DA:7,1
DA:8,1
DA:9,1
DA:11,0
DA:12,0
DA:18,5
DA:19,0
DA:21,0
DA:27,0
DA:29,0
DA:30,0
DA:31,0
DA:36,5
DA:37,1
DA:38,1
DA:39,1
DA:40,0
DA:41,0
DA:43,1
DA:46,0
DA:47,0
DA:48,0
DA:53,5
DA:54,1
DA:55,1
DA:56,1
DA:57,0
DA:58,0
DA:60,1
DA:61,1
DA:67,1
DA:70,0
DA:71,0
DA:72,0
DA:77,5
DA:78,1
DA:79,1
DA:80,1
DA:81,0
DA:82,0
DA:84,1
DA:85,1
DA:88,0
DA:89,0
DA:90,0
DA:94,5
LF:50
LH:27
BRDA:39,0,0,0
BRDA:39,0,1,1
BRDA:56,1,0,0
BRDA:56,1,1,1
BRDA:80,2,0,0
BRDA:80,2,1,1
BRF:6
BRH:3
end_of_record
TN:
SF:src/routes/bookings.js
FN:6,(anonymous_0)
FN:19,(anonymous_1)
FN:35,(anonymous_2)
FN:52,(anonymous_3)
FN:76,(anonymous_4)
FNF:5
FNH:5
FNDA:1,(anonymous_0)
FNDA:1,(anonymous_1)
FNDA:1,(anonymous_2)
FNDA:1,(anonymous_3)
FNDA:1,(anonymous_4)
DA:1,5
DA:2,5
DA:3,5
DA:6,5
DA:7,1
DA:8,1
DA:9,1
DA:11,0
DA:12,0
DA:13,0
DA:19,5
DA:20,1
DA:21,1
DA:27,1
DA:29,0
DA:30,0
DA:35,5
DA:36,1
DA:37,1
DA:38,1
DA:39,0
DA:40,0
DA:42,1
DA:45,0
DA:46,0
DA:47,0
DA:52,5
DA:53,1
DA:54,1
DA:55,1
DA:56,0
DA:57,0
DA:59,1
DA:60,1
DA:66,1
DA:69,0
DA:70,0
DA:71,0
DA:76,5
DA:77,1
DA:78,1
DA:79,1
DA:80,0
DA:81,0
DA:83,1
DA:84,1
DA:87,0
DA:88,0
DA:89,0
DA:93,5
LF:50
LH:30
BRDA:38,0,0,0
BRDA:38,0,1,1
BRDA:55,1,0,0
BRDA:55,1,1,1
BRDA:79,2,0,0
BRDA:79,2,1,1
BRF:6
BRH:3
end_of_record
TN:
SF:src/routes/enclousures.js
FN:9,(anonymous_0)
FN:32,(anonymous_1)
FN:44,(anonymous_2)
FN:62,(anonymous_3)
FN:89,(anonymous_4)
FNF:5
FNH:4
FNDA:0,(anonymous_0)
FNDA:1,(anonymous_1)
FNDA:1,(anonymous_2)
FNDA:1,(anonymous_3)
FNDA:1,(anonymous_4)
DA:1,5
DA:2,5
DA:3,5
DA:9,5
DA:10,0
DA:12,0
DA:13,0
DA:14,0
DA:23,0
DA:25,0
DA:26,0
DA:32,5
DA:33,1
DA:34,1
DA:35,1
DA:37,0
DA:38,0
DA:44,5
DA:45,1
DA:46,1
DA:48,1
DA:49,0
DA:50,0
DA:52,1
DA:55,0
DA:56,0
DA:62,5
DA:63,1
DA:64,1
DA:65,1
DA:66,0
DA:67,0
DA:69,1
DA:70,1
DA:78,1
DA:81,0
DA:82,0
DA:89,5
DA:90,1
DA:91,1
DA:92,1
DA:93,0
DA:94,0
DA:96,1
DA:97,1
DA:100,0
DA:101,0
DA:108,5
LF:48
LH:27
BRDA:48,0,0,0
BRDA:48,0,1,1
BRDA:65,1,0,0
BRDA:65,1,1,1
BRDA:92,2,0,0
BRDA:92,2,1,1
BRF:6
BRH:3
end_of_record
TN:
SF:src/routes/fields.js
FN:6,(anonymous_0)
FN:19,(anonymous_1)
FN:40,(anonymous_2)
FN:57,(anonymous_3)
FN:82,(anonymous_4)
FNF:5
FNH:5
FNDA:1,(anonymous_0)
FNDA:1,(anonymous_1)
FNDA:1,(anonymous_2)
FNDA:1,(anonymous_3)
FNDA:1,(anonymous_4)
DA:1,5
DA:2,5
DA:3,5
DA:6,5
DA:7,1
DA:8,1
DA:10,1
DA:12,0
DA:13,0
DA:19,5
DA:20,1
DA:22,1
DA:24,1
DA:25,1
DA:32,1
DA:34,0
DA:35,0
DA:40,5
DA:41,1
DA:42,1
DA:43,1
DA:44,0
DA:45,0
DA:47,1
DA:50,0
DA:51,0
DA:52,0
DA:57,5
DA:58,1
DA:59,1
DA:60,1
DA:61,0
DA:62,0
DA:64,1
DA:65,1
DA:72,1
DA:75,0
DA:76,0
DA:77,0
DA:82,5
DA:83,1
DA:84,1
DA:85,1
DA:86,0
DA:87,0
DA:89,1
DA:90,1
DA:93,0
DA:94,0
DA:95,0
DA:99,5
LF:51
LH:32
BRDA:43,0,0,0
BRDA:43,0,1,1
BRDA:60,1,0,0
BRDA:60,1,1,1
BRDA:85,2,0,0
BRDA:85,2,1,1
BRF:6
BRH:3
end_of_record
TN:
SF:src/routes/users.js
FN:14,(anonymous_0)
FN:32,(anonymous_1)
FN:43,(anonymous_2)
FN:60,(anonymous_3)
FN:85,(anonymous_4)
FNF:5
FNH:4
FNDA:1,(anonymous_0)
FNDA:1,(anonymous_1)
FNDA:1,(anonymous_2)
FNDA:1,(anonymous_3)
FNDA:0,(anonymous_4)
DA:5,5
DA:7,5
DA:9,5
DA:14,5
DA:15,1
DA:16,1
DA:23,1
DA:25,0
DA:26,0
DA:32,5
DA:33,1
DA:34,1
DA:35,1
DA:37,0
DA:38,0
DA:43,5
DA:44,1
DA:45,1
DA:46,1
DA:47,0
DA:48,0
DA:50,1
DA:53,0
DA:54,0
DA:60,5
DA:61,1
DA:62,1
DA:63,1
DA:64,0
DA:65,0
DA:67,1
DA:68,1
DA:75,1
DA:78,0
DA:79,0
DA:85,5
DA:86,0
DA:87,0
DA:88,0
DA:89,0
DA:90,0
DA:92,0
DA:93,0
DA:96,0
DA:97,0
DA:103,5
LF:46
LH:25
BRDA:46,0,0,0
BRDA:46,0,1,1
BRDA:63,1,0,0
BRDA:63,1,1,1
BRDA:88,2,0,0
BRDA:88,2,1,0
BRF:6
BRH:2
end_of_record
